{"/home/travis/build/npmtest/node-npmtest-formidable/test.js":{"path":"/home/travis/build/npmtest/node-npmtest-formidable/test.js","s":{"1":2,"2":2,"3":2,"4":2,"5":2,"6":2,"7":2,"8":1,"9":2,"10":2,"11":1,"12":1,"13":1,"14":1,"15":2,"16":2,"17":2,"18":2,"19":1,"20":1,"21":2,"22":2,"23":2,"24":1,"25":1,"26":1,"27":1,"28":1,"29":1,"30":1,"31":1,"32":1,"33":1,"34":1,"35":1,"36":1,"37":1,"38":1,"39":2,"40":2,"41":1,"42":2,"43":2,"44":1,"45":2,"46":2,"47":1,"48":2,"49":2,"50":1,"51":1,"52":1,"53":1,"54":1},"b":{"1":[2,1,1,1],"2":[1,1,1,1],"3":[1,1],"4":[1,1],"5":[1,1],"6":[1,1],"7":[1,1],"8":[1,1],"9":[1,1],"10":[1,1,1],"11":[1,1],"12":[1,1],"13":[1,1],"14":[1,1],"15":[1,1],"16":[1,1],"17":[1,1]},"f":{"1":2,"2":2,"3":2,"4":2,"5":2,"6":1,"7":1,"8":1,"9":2,"10":2,"11":2,"12":2,"13":1},"fnMap":{"1":{"name":"(anonymous_1)","line":12,"loc":{"start":{"line":12,"column":1},"end":{"line":12,"column":13}}},"2":{"name":"(anonymous_2)","line":19,"loc":{"start":{"line":19,"column":5},"end":{"line":19,"column":17}}},"3":{"name":"(anonymous_3)","line":23,"loc":{"start":{"line":23,"column":24},"end":{"line":23,"column":36}}},"4":{"name":"(anonymous_4)","line":61,"loc":{"start":{"line":61,"column":5},"end":{"line":61,"column":17}}},"5":{"name":"(anonymous_5)","line":82,"loc":{"start":{"line":82,"column":5},"end":{"line":82,"column":17}}},"6":{"name":"(anonymous_6)","line":91,"loc":{"start":{"line":91,"column":77},"end":{"line":94,"column":10}}},"7":{"name":"(anonymous_7)","line":112,"loc":{"start":{"line":112,"column":83},"end":{"line":115,"column":10}},"skip":true},"8":{"name":"(anonymous_8)","line":123,"loc":{"start":{"line":123,"column":77},"end":{"line":126,"column":10}},"skip":true},"9":{"name":"(anonymous_9)","line":139,"loc":{"start":{"line":139,"column":12},"end":{"line":139,"column":40}},"skip":true},"10":{"name":"(anonymous_10)","line":147,"loc":{"start":{"line":147,"column":77},"end":{"line":150,"column":10}},"skip":true},"11":{"name":"(anonymous_11)","line":158,"loc":{"start":{"line":158,"column":83},"end":{"line":161,"column":10}},"skip":true},"12":{"name":"(anonymous_12)","line":169,"loc":{"start":{"line":169,"column":79},"end":{"line":172,"column":10}},"skip":true},"13":{"name":"(anonymous_13)","line":180,"loc":{"start":{"line":180,"column":75},"end":{"line":183,"column":10}},"skip":true}},"statementMap":{"1":{"start":{"line":12,"column":0},"end":{"line":195,"column":5}},"2":{"start":{"line":14,"column":4},"end":{"line":14,"column":14}},"3":{"start":{"line":19,"column":4},"end":{"line":56,"column":9}},"4":{"start":{"line":21,"column":8},"end":{"line":21,"column":19}},"5":{"start":{"line":23,"column":8},"end":{"line":35,"column":13}},"6":{"start":{"line":24,"column":12},"end":{"line":34,"column":13}},"7":{"start":{"line":25,"column":16},"end":{"line":28,"column":30}},"8":{"start":{"line":30,"column":16},"end":{"line":33,"column":27}},"9":{"start":{"line":37,"column":8},"end":{"line":39,"column":21}},"10":{"start":{"line":40,"column":8},"end":{"line":53,"column":9}},"11":{"start":{"line":43,"column":12},"end":{"line":46,"column":14}},"12":{"start":{"line":47,"column":12},"end":{"line":47,"column":18}},"13":{"start":{"line":50,"column":12},"end":{"line":51,"column":46}},"14":{"start":{"line":52,"column":12},"end":{"line":52,"column":18}},"15":{"start":{"line":55,"column":8},"end":{"line":55,"column":35}},"16":{"start":{"line":61,"column":4},"end":{"line":63,"column":9}},"17":{"start":{"line":62,"column":8},"end":{"line":62,"column":15}},"18":{"start":{"line":64,"column":4},"end":{"line":77,"column":5}},"19":{"start":{"line":70,"column":8},"end":{"line":70,"column":14}},"20":{"start":{"line":76,"column":8},"end":{"line":76,"column":14}},"21":{"start":{"line":82,"column":4},"end":{"line":84,"column":9}},"22":{"start":{"line":83,"column":8},"end":{"line":83,"column":15}},"23":{"start":{"line":85,"column":4},"end":{"line":194,"column":5}},"24":{"start":{"line":91,"column":8},"end":{"line":99,"column":10}},"25":{"start":{"line":98,"column":12},"end":{"line":98,"column":35}},"26":{"start":{"line":102,"column":8},"end":{"line":104,"column":63}},"27":{"start":{"line":105,"column":8},"end":{"line":105,"column":14}},"28":{"start":{"line":112,"column":8},"end":{"line":121,"column":10},"skip":true},"29":{"start":{"line":119,"column":12},"end":{"line":119,"column":55},"skip":true},"30":{"start":{"line":120,"column":12},"end":{"line":120,"column":48},"skip":true},"31":{"start":{"line":123,"column":8},"end":{"line":136,"column":10},"skip":true},"32":{"start":{"line":130,"column":12},"end":{"line":130,"column":76},"skip":true},"33":{"start":{"line":131,"column":12},"end":{"line":131,"column":73},"skip":true},"34":{"start":{"line":132,"column":12},"end":{"line":132,"column":74},"skip":true},"35":{"start":{"line":133,"column":12},"end":{"line":133,"column":79},"skip":true},"36":{"start":{"line":134,"column":12},"end":{"line":134,"column":25},"skip":true},"37":{"start":{"line":135,"column":12},"end":{"line":135,"column":45},"skip":true},"38":{"start":{"line":138,"column":8},"end":{"line":145,"column":14},"skip":true},"39":{"start":{"line":143,"column":16},"end":{"line":143,"column":29},"skip":true},"40":{"start":{"line":144,"column":16},"end":{"line":144,"column":55},"skip":true},"41":{"start":{"line":147,"column":8},"end":{"line":156,"column":10},"skip":true},"42":{"start":{"line":154,"column":12},"end":{"line":154,"column":25},"skip":true},"43":{"start":{"line":155,"column":12},"end":{"line":155,"column":45},"skip":true},"44":{"start":{"line":158,"column":8},"end":{"line":167,"column":10},"skip":true},"45":{"start":{"line":165,"column":12},"end":{"line":165,"column":25},"skip":true},"46":{"start":{"line":166,"column":12},"end":{"line":166,"column":48},"skip":true},"47":{"start":{"line":169,"column":8},"end":{"line":178,"column":10},"skip":true},"48":{"start":{"line":176,"column":12},"end":{"line":176,"column":25},"skip":true},"49":{"start":{"line":177,"column":12},"end":{"line":177,"column":46},"skip":true},"50":{"start":{"line":180,"column":8},"end":{"line":189,"column":10},"skip":true},"51":{"start":{"line":187,"column":12},"end":{"line":187,"column":94},"skip":true},"52":{"start":{"line":188,"column":12},"end":{"line":188,"column":48},"skip":true},"53":{"start":{"line":192,"column":8},"end":{"line":192,"column":35},"skip":true},"54":{"start":{"line":193,"column":8},"end":{"line":193,"column":14},"skip":true}},"branchMap":{"1":{"line":25,"type":"binary-expr","locations":[{"start":{"line":25,"column":23},"end":{"line":25,"column":62}},{"start":{"line":26,"column":20},"end":{"line":26,"column":70}},{"start":{"line":27,"column":20},"end":{"line":27,"column":71}},{"start":{"line":28,"column":20},"end":{"line":28,"column":29}}]},"2":{"line":30,"type":"binary-expr","locations":[{"start":{"line":30,"column":23},"end":{"line":30,"column":37}},{"start":{"line":31,"column":20},"end":{"line":31,"column":61}},{"start":{"line":32,"column":20},"end":{"line":32,"column":70}},{"start":{"line":33,"column":20},"end":{"line":33,"column":26}}]},"3":{"line":37,"type":"cond-expr","locations":[{"start":{"line":38,"column":14},"end":{"line":38,"column":20}},{"start":{"line":39,"column":14},"end":{"line":39,"column":20}}]},"4":{"line":40,"type":"switch","locations":[{"start":{"line":42,"column":8},"end":{"line":47,"column":18}},{"start":{"line":49,"column":8},"end":{"line":52,"column":18}}]},"5":{"line":44,"type":"binary-expr","locations":[{"start":{"line":44,"column":16},"end":{"line":44,"column":44}},{"start":{"line":44,"column":48},"end":{"line":44,"column":66}}]},"6":{"line":50,"type":"binary-expr","locations":[{"start":{"line":50,"column":21},"end":{"line":50,"column":49}},{"start":{"line":50,"column":53},"end":{"line":50,"column":72}}]},"7":{"line":64,"type":"switch","locations":[{"start":{"line":69,"column":4},"end":{"line":70,"column":14}},{"start":{"line":75,"column":4},"end":{"line":76,"column":14}}]},"8":{"line":85,"type":"switch","locations":[{"start":{"line":90,"column":4},"end":{"line":105,"column":14}},{"start":{"line":111,"column":4},"end":{"line":193,"column":14},"skip":true}]},"9":{"line":91,"type":"binary-expr","locations":[{"start":{"line":91,"column":42},"end":{"line":91,"column":73}},{"start":{"line":91,"column":77},"end":{"line":99,"column":9}}]},"10":{"line":102,"type":"binary-expr","locations":[{"start":{"line":102,"column":18},"end":{"line":102,"column":32}},{"start":{"line":103,"column":12},"end":{"line":103,"column":53}},{"start":{"line":104,"column":12},"end":{"line":104,"column":61}}]},"11":{"line":112,"type":"binary-expr","locations":[{"start":{"line":112,"column":45},"end":{"line":112,"column":79},"skip":true},{"start":{"line":112,"column":83},"end":{"line":121,"column":9},"skip":true}]},"12":{"line":123,"type":"binary-expr","locations":[{"start":{"line":123,"column":42},"end":{"line":123,"column":73},"skip":true},{"start":{"line":123,"column":77},"end":{"line":136,"column":9},"skip":true}]},"13":{"line":138,"type":"binary-expr","locations":[{"start":{"line":138,"column":48},"end":{"line":138,"column":85},"skip":true},{"start":{"line":139,"column":12},"end":{"line":145,"column":13},"skip":true}]},"14":{"line":147,"type":"binary-expr","locations":[{"start":{"line":147,"column":42},"end":{"line":147,"column":73},"skip":true},{"start":{"line":147,"column":77},"end":{"line":156,"column":9},"skip":true}]},"15":{"line":158,"type":"binary-expr","locations":[{"start":{"line":158,"column":45},"end":{"line":158,"column":79},"skip":true},{"start":{"line":158,"column":83},"end":{"line":167,"column":9},"skip":true}]},"16":{"line":169,"type":"binary-expr","locations":[{"start":{"line":169,"column":43},"end":{"line":169,"column":75},"skip":true},{"start":{"line":169,"column":79},"end":{"line":178,"column":9},"skip":true}]},"17":{"line":180,"type":"binary-expr","locations":[{"start":{"line":180,"column":41},"end":{"line":180,"column":71},"skip":true},{"start":{"line":180,"column":75},"end":{"line":189,"column":9},"skip":true}]}},"code":["/* istanbul instrument in package npmtest_formidable */","/*jslint","    bitwise: true,","    browser: true,","    maxerr: 8,","    maxlen: 96,","    node: true,","    nomen: true,","    regexp: true,","    stupid: true","*/","(function () {","    'use strict';","    var local;","","","","    // run shared js-env code - pre-init","    (function () {","        // init local","        local = {};","        // init modeJs","        local.modeJs = (function () {","            try {","                return typeof navigator.userAgent === 'string' &&","                    typeof document.querySelector('body') === 'object' &&","                    typeof XMLHttpRequest.prototype.open === 'function' &&","                    'browser';","            } catch (errorCaughtBrowser) {","                return module.exports &&","                    typeof process.versions.node === 'string' &&","                    typeof require('http').createServer === 'function' &&","                    'node';","            }","        }());","        // init global","        local.global = local.modeJs === 'browser'","            ? window","            : global;","        switch (local.modeJs) {","        // re-init local from window.local","        case 'browser':","            local = local.global.utility2.objectSetDefault(","                local.global.utility2_rollup || local.global.local,","                local.global.utility2","            );","            break;","        // re-init local from example.js","        case 'node':","            local = (local.global.utility2_rollup || require('utility2'))","                .requireExampleJsFromReadme();","            break;","        }","        // export local","        local.global.local = local;","    }());","","","","    // run shared js-env code - function","    (function () {","        return;","    }());","    switch (local.modeJs) {","","","","    // run browser js-env code - function","    case 'browser':","        break;","","","","    // run node js-env code - function","    case 'node':","        break;","    }","","","","    // run shared js-env code - post-init","    (function () {","        return;","    }());","    switch (local.modeJs) {","","","","    // run browser js-env code - post-init","    case 'browser':","        local.testCase_browser_nullCase = local.testCase_browser_nullCase || function (","            options,","            onError","        ) {","        /*","         * this function will test browsers's null-case handling-behavior-behavior","         */","            onError(null, options);","        };","","        // run tests","        local.nop(local.modeTest &&","            document.querySelector('#testRunButton1') &&","            document.querySelector('#testRunButton1').click());","        break;","","","","    // run node js-env code - post-init","    /* istanbul ignore next */","    case 'node':","        local.testCase_buildApidoc_default = local.testCase_buildApidoc_default || function (","            options,","            onError","        ) {","        /*","         * this function will test buildApidoc's default handling-behavior-behavior","         */","            options = { modulePathList: module.paths };","            local.buildApidoc(options, onError);","        };","","        local.testCase_buildApp_default = local.testCase_buildApp_default || function (","            options,","            onError","        ) {","        /*","         * this function will test buildApp's default handling-behavior-behavior","         */","            local.testCase_buildReadme_default(options, local.onErrorThrow);","            local.testCase_buildLib_default(options, local.onErrorThrow);","            local.testCase_buildTest_default(options, local.onErrorThrow);","            local.testCase_buildCustomOrg_default(options, local.onErrorThrow);","            options = [];","            local.buildApp(options, onError);","        };","","        local.testCase_buildCustomOrg_default = local.testCase_buildCustomOrg_default ||","            function (options, onError) {","            /*","             * this function will test buildCustomOrg's default handling-behavior","             */","                options = {};","                local.buildCustomOrg(options, onError);","            };","","        local.testCase_buildLib_default = local.testCase_buildLib_default || function (","            options,","            onError","        ) {","        /*","         * this function will test buildLib's default handling-behavior","         */","            options = {};","            local.buildLib(options, onError);","        };","","        local.testCase_buildReadme_default = local.testCase_buildReadme_default || function (","            options,","            onError","        ) {","        /*","         * this function will test buildReadme's default handling-behavior-behavior","         */","            options = {};","            local.buildReadme(options, onError);","        };","","        local.testCase_buildTest_default = local.testCase_buildTest_default || function (","            options,","            onError","        ) {","        /*","         * this function will test buildTest's default handling-behavior","         */","            options = {};","            local.buildTest(options, onError);","        };","","        local.testCase_webpage_default = local.testCase_webpage_default || function (","            options,","            onError","        ) {","        /*","         * this function will test webpage's default handling-behavior","         */","            options = { modeCoverageMerge: true, url: local.serverLocalHost + '?modeTest=1' };","            local.browserTest(options, onError);","        };","","        // run test-server","        local.testRunServer(local);","        break;","    }","}());",""],"l":{"12":2,"14":2,"19":2,"21":2,"23":2,"24":2,"25":2,"30":1,"37":2,"40":2,"43":1,"47":1,"50":1,"52":1,"55":2,"61":2,"62":2,"64":2,"70":1,"76":1,"82":2,"83":2,"85":2,"91":1,"98":1,"102":1,"105":1,"112":1,"119":1,"120":1,"123":1,"130":1,"131":1,"132":1,"133":1,"134":1,"135":1,"138":1,"143":2,"144":2,"147":1,"154":2,"155":2,"158":1,"165":2,"166":2,"169":1,"176":2,"177":2,"180":1,"187":1,"188":1,"192":1,"193":1}},"/home/travis/build/npmtest/node-npmtest-formidable/lib.npmtest_formidable.js":{"path":"/home/travis/build/npmtest/node-npmtest-formidable/lib.npmtest_formidable.js","s":{"1":2,"2":2,"3":2,"4":2,"5":2,"6":2,"7":2,"8":1,"9":2,"10":2,"11":2,"12":2,"13":1,"14":1,"15":1,"16":1},"b":{"1":[2,1,1,1],"2":[1,1,1,1],"3":[1,1],"4":[2,2],"5":[1,1]},"f":{"1":2,"2":2,"3":2},"fnMap":{"1":{"name":"(anonymous_1)","line":12,"loc":{"start":{"line":12,"column":1},"end":{"line":12,"column":13}}},"2":{"name":"(anonymous_2)","line":19,"loc":{"start":{"line":19,"column":5},"end":{"line":19,"column":17}}},"3":{"name":"(anonymous_3)","line":23,"loc":{"start":{"line":23,"column":24},"end":{"line":23,"column":36}}}},"statementMap":{"1":{"start":{"line":12,"column":0},"end":{"line":53,"column":5}},"2":{"start":{"line":14,"column":4},"end":{"line":14,"column":14}},"3":{"start":{"line":19,"column":4},"end":{"line":52,"column":9}},"4":{"start":{"line":21,"column":8},"end":{"line":21,"column":19}},"5":{"start":{"line":23,"column":8},"end":{"line":35,"column":13}},"6":{"start":{"line":24,"column":12},"end":{"line":34,"column":13}},"7":{"start":{"line":25,"column":16},"end":{"line":28,"column":30}},"8":{"start":{"line":30,"column":16},"end":{"line":33,"column":27}},"9":{"start":{"line":37,"column":8},"end":{"line":39,"column":21}},"10":{"start":{"line":41,"column":8},"end":{"line":41,"column":54}},"11":{"start":{"line":43,"column":8},"end":{"line":43,"column":55}},"12":{"start":{"line":45,"column":8},"end":{"line":51,"column":9}},"13":{"start":{"line":46,"column":12},"end":{"line":46,"column":61}},"14":{"start":{"line":48,"column":12},"end":{"line":48,"column":35}},"15":{"start":{"line":49,"column":12},"end":{"line":49,"column":49}},"16":{"start":{"line":50,"column":12},"end":{"line":50,"column":43}}},"branchMap":{"1":{"line":25,"type":"binary-expr","locations":[{"start":{"line":25,"column":23},"end":{"line":25,"column":62}},{"start":{"line":26,"column":20},"end":{"line":26,"column":70}},{"start":{"line":27,"column":20},"end":{"line":27,"column":71}},{"start":{"line":28,"column":20},"end":{"line":28,"column":29}}]},"2":{"line":30,"type":"binary-expr","locations":[{"start":{"line":30,"column":23},"end":{"line":30,"column":37}},{"start":{"line":31,"column":20},"end":{"line":31,"column":61}},{"start":{"line":32,"column":20},"end":{"line":32,"column":70}},{"start":{"line":33,"column":20},"end":{"line":33,"column":26}}]},"3":{"line":37,"type":"cond-expr","locations":[{"start":{"line":38,"column":14},"end":{"line":38,"column":20}},{"start":{"line":39,"column":14},"end":{"line":39,"column":20}}]},"4":{"line":41,"type":"binary-expr","locations":[{"start":{"line":41,"column":16},"end":{"line":41,"column":44}},{"start":{"line":41,"column":48},"end":{"line":41,"column":53}}]},"5":{"line":45,"type":"if","locations":[{"start":{"line":45,"column":8},"end":{"line":45,"column":8}},{"start":{"line":45,"column":8},"end":{"line":45,"column":8}}]}},"code":["/* istanbul instrument in package npmtest_formidable */","/*jslint","    bitwise: true,","    browser: true,","    maxerr: 8,","    maxlen: 96,","    node: true,","    nomen: true,","    regexp: true,","    stupid: true","*/","(function () {","    'use strict';","    var local;","","","","    // run shared js-env code - pre-init","    (function () {","        // init local","        local = {};","        // init modeJs","        local.modeJs = (function () {","            try {","                return typeof navigator.userAgent === 'string' &&","                    typeof document.querySelector('body') === 'object' &&","                    typeof XMLHttpRequest.prototype.open === 'function' &&","                    'browser';","            } catch (errorCaughtBrowser) {","                return module.exports &&","                    typeof process.versions.node === 'string' &&","                    typeof require('http').createServer === 'function' &&","                    'node';","            }","        }());","        // init global","        local.global = local.modeJs === 'browser'","            ? window","            : global;","        // init utility2_rollup","        local = local.global.utility2_rollup || local;","        // init lib","        local.local = local.npmtest_formidable = local;","        // init exports","        if (local.modeJs === 'browser') {","            local.global.utility2_npmtest_formidable = local;","        } else {","            module.exports = local;","            module.exports.__dirname = __dirname;","            module.exports.module = module;","        }","    }());","}());",""],"l":{"12":2,"14":2,"19":2,"21":2,"23":2,"24":2,"25":2,"30":1,"37":2,"41":2,"43":2,"45":2,"46":1,"48":1,"49":1,"50":1}},"/home/travis/build/npmtest/node-npmtest-formidable/example.js":{"path":"/home/travis/build/npmtest/node-npmtest-formidable/example.js","s":{"1":2,"2":2,"3":2,"4":2,"5":2,"6":2,"7":2,"8":1,"9":2,"10":2,"11":2,"12":2,"13":1,"14":2,"15":2,"16":2,"17":2,"18":2,"19":0,"20":2,"21":1,"22":1,"23":1,"24":1,"25":1,"26":0,"27":0,"28":1,"29":1,"30":2,"31":0,"32":0,"33":0,"34":1,"35":2,"36":2,"37":3,"38":3,"39":3,"40":3,"41":0,"42":3,"43":3,"44":3,"45":1,"46":3,"47":1,"48":1,"49":1,"50":1,"51":1,"52":1,"53":1,"54":1,"55":1,"56":1,"57":0,"58":1,"59":6,"60":6,"61":1,"62":2,"63":0,"64":2,"65":1,"66":1,"67":0,"68":0,"69":0,"70":0,"71":0,"72":0,"73":0,"74":0,"75":0,"76":0,"77":0,"78":0,"79":0,"80":0,"81":0,"82":0,"83":0},"b":{"1":[2,1,1,1],"2":[1,1,1,1],"3":[1,1],"4":[2,2],"5":[1,1],"6":[1,1],"7":[2,0],"8":[2,1,1,1,1,1],"9":[0,2,0],"10":[1,1],"11":[2,1,1],"12":[1,0],"13":[0,2],"14":[2,0,0,0,0,0,0],"15":[0,3],"16":[3,0],"17":[1,1],"18":[0,1],"19":[1,2,0,2],"20":[1,0],"21":[1,1],"22":[0,0],"23":[0,0],"24":[0,0],"25":[0,0],"26":[0,0],"27":[0,0],"28":[0,0]},"f":{"1":2,"2":2,"3":2,"4":2,"5":2,"6":2,"7":3,"8":3,"9":3,"10":1,"11":6,"12":0},"fnMap":{"1":{"name":"(anonymous_1)","line":26,"loc":{"start":{"line":26,"column":1},"end":{"line":26,"column":13}}},"2":{"name":"(anonymous_2)","line":33,"loc":{"start":{"line":33,"column":5},"end":{"line":33,"column":17}}},"3":{"name":"(anonymous_3)","line":37,"loc":{"start":{"line":37,"column":24},"end":{"line":37,"column":36}}},"4":{"name":"(anonymous_4)","line":69,"loc":{"start":{"line":69,"column":31},"end":{"line":69,"column":48}},"skip":true},"5":{"name":"(anonymous_5)","line":78,"loc":{"start":{"line":78,"column":26},"end":{"line":78,"column":45}},"skip":true},"6":{"name":"(anonymous_6)","line":123,"loc":{"start":{"line":123,"column":33},"end":{"line":123,"column":48}},"skip":true},"7":{"name":"(anonymous_7)","line":125,"loc":{"start":{"line":125,"column":27},"end":{"line":125,"column":39}},"skip":true},"8":{"name":"(anonymous_8)","line":133,"loc":{"start":{"line":133,"column":59},"end":{"line":133,"column":74}},"skip":true},"9":{"name":"(anonymous_9)","line":143,"loc":{"start":{"line":143,"column":45},"end":{"line":143,"column":62}},"skip":true},"10":{"name":"(anonymous_10)","line":144,"loc":{"start":{"line":144,"column":73},"end":{"line":144,"column":92}},"skip":true},"11":{"name":"(anonymous_11)","line":272,"loc":{"start":{"line":272,"column":51},"end":{"line":272,"column":77}},"skip":true},"12":{"name":"(anonymous_12)","line":315,"loc":{"start":{"line":315,"column":32},"end":{"line":315,"column":61}},"skip":true}},"statementMap":{"1":{"start":{"line":26,"column":0},"end":{"line":326,"column":5}},"2":{"start":{"line":28,"column":4},"end":{"line":28,"column":14}},"3":{"start":{"line":33,"column":4},"end":{"line":60,"column":9}},"4":{"start":{"line":35,"column":8},"end":{"line":35,"column":19}},"5":{"start":{"line":37,"column":8},"end":{"line":49,"column":13}},"6":{"start":{"line":38,"column":12},"end":{"line":48,"column":13}},"7":{"start":{"line":39,"column":16},"end":{"line":42,"column":30}},"8":{"start":{"line":44,"column":16},"end":{"line":47,"column":27}},"9":{"start":{"line":51,"column":8},"end":{"line":53,"column":21}},"10":{"start":{"line":55,"column":8},"end":{"line":57,"column":45}},"11":{"start":{"line":59,"column":8},"end":{"line":59,"column":35}},"12":{"start":{"line":61,"column":4},"end":{"line":325,"column":5}},"13":{"start":{"line":69,"column":8},"end":{"line":121,"column":10},"skip":true},"14":{"start":{"line":70,"column":12},"end":{"line":88,"column":13},"skip":true},"15":{"start":{"line":76,"column":16},"end":{"line":87,"column":19},"skip":true},"16":{"start":{"line":79,"column":20},"end":{"line":86,"column":21},"skip":true},"17":{"start":{"line":82,"column":24},"end":{"line":82,"column":43},"skip":true},"18":{"start":{"line":83,"column":24},"end":{"line":83,"column":30},"skip":true},"19":{"start":{"line":85,"column":24},"end":{"line":85,"column":49},"skip":true},"20":{"start":{"line":89,"column":12},"end":{"line":107,"column":13},"skip":true},"21":{"start":{"line":92,"column":16},"end":{"line":102,"column":17},"skip":true},"22":{"start":{"line":93,"column":20},"end":{"line":93,"column":86},"skip":true},"23":{"start":{"line":94,"column":20},"end":{"line":95,"column":45},"skip":true},"24":{"start":{"line":96,"column":20},"end":{"line":96,"column":42},"skip":true},"25":{"start":{"line":97,"column":20},"end":{"line":97,"column":48},"skip":true},"26":{"start":{"line":100,"column":20},"end":{"line":100,"column":85},"skip":true},"27":{"start":{"line":101,"column":20},"end":{"line":101,"column":96},"skip":true},"28":{"start":{"line":103,"column":16},"end":{"line":103,"column":22},"skip":true},"29":{"start":{"line":106,"column":16},"end":{"line":106,"column":22},"skip":true},"30":{"start":{"line":108,"column":12},"end":{"line":120,"column":13},"skip":true},"31":{"start":{"line":114,"column":16},"end":{"line":119,"column":17},"skip":true},"32":{"start":{"line":116,"column":20},"end":{"line":116,"column":78},"skip":true},"33":{"start":{"line":118,"column":20},"end":{"line":118,"column":47},"skip":true},"34":{"start":{"line":123,"column":8},"end":{"line":141,"column":11},"skip":true},"35":{"start":{"line":124,"column":12},"end":{"line":124,"column":54},"skip":true},"36":{"start":{"line":125,"column":12},"end":{"line":140,"column":14},"skip":true},"37":{"start":{"line":126,"column":16},"end":{"line":126,"column":28},"skip":true},"38":{"start":{"line":127,"column":16},"end":{"line":127,"column":69},"skip":true},"39":{"start":{"line":128,"column":16},"end":{"line":128,"column":75},"skip":true},"40":{"start":{"line":129,"column":16},"end":{"line":131,"column":17},"skip":true},"41":{"start":{"line":130,"column":20},"end":{"line":130,"column":27},"skip":true},"42":{"start":{"line":133,"column":16},"end":{"line":137,"column":36},"skip":true},"43":{"start":{"line":134,"column":20},"end":{"line":136,"column":55},"skip":true},"44":{"start":{"line":139,"column":16},"end":{"line":139,"column":57},"skip":true},"45":{"start":{"line":143,"column":8},"end":{"line":147,"column":11},"skip":true},"46":{"start":{"line":144,"column":12},"end":{"line":146,"column":15},"skip":true},"47":{"start":{"line":145,"column":16},"end":{"line":145,"column":70},"skip":true},"48":{"start":{"line":149,"column":8},"end":{"line":149,"column":31},"skip":true},"49":{"start":{"line":150,"column":8},"end":{"line":150,"column":14},"skip":true},"50":{"start":{"line":158,"column":8},"end":{"line":158,"column":31},"skip":true},"51":{"start":{"line":160,"column":8},"end":{"line":160,"column":33},"skip":true},"52":{"start":{"line":161,"column":8},"end":{"line":161,"column":37},"skip":true},"53":{"start":{"line":162,"column":8},"end":{"line":162,"column":35},"skip":true},"54":{"start":{"line":164,"column":8},"end":{"line":164,"column":50},"skip":true},"55":{"start":{"line":166,"column":8},"end":{"line":256,"column":2},"skip":true},"56":{"start":{"line":258,"column":8},"end":{"line":286,"column":9},"skip":true},"57":{"start":{"line":259,"column":12},"end":{"line":269,"column":14},"skip":true},"58":{"start":{"line":271,"column":12},"end":{"line":285,"column":19},"skip":true},"59":{"start":{"line":274,"column":20},"end":{"line":274,"column":35},"skip":true},"60":{"start":{"line":275,"column":20},"end":{"line":284,"column":21},"skip":true},"61":{"start":{"line":277,"column":24},"end":{"line":277,"column":64},"skip":true},"62":{"start":{"line":279,"column":24},"end":{"line":279,"column":40},"skip":true},"63":{"start":{"line":281,"column":24},"end":{"line":281,"column":40},"skip":true},"64":{"start":{"line":283,"column":24},"end":{"line":283,"column":39},"skip":true},"65":{"start":{"line":288,"column":8},"end":{"line":290,"column":9},"skip":true},"66":{"start":{"line":289,"column":12},"end":{"line":289,"column":18},"skip":true},"67":{"start":{"line":291,"column":8},"end":{"line":293,"column":54},"skip":true},"68":{"start":{"line":296,"column":8},"end":{"line":301,"column":37},"skip":true},"69":{"start":{"line":303,"column":8},"end":{"line":303,"column":82},"skip":true},"70":{"start":{"line":306,"column":8},"end":{"line":308,"column":9},"skip":true},"71":{"start":{"line":307,"column":12},"end":{"line":307,"column":82},"skip":true},"72":{"start":{"line":310,"column":8},"end":{"line":312,"column":9},"skip":true},"73":{"start":{"line":311,"column":12},"end":{"line":311,"column":18},"skip":true},"74":{"start":{"line":313,"column":8},"end":{"line":313,"column":54},"skip":true},"75":{"start":{"line":314,"column":8},"end":{"line":314,"column":69},"skip":true},"76":{"start":{"line":315,"column":8},"end":{"line":323,"column":36},"skip":true},"77":{"start":{"line":316,"column":12},"end":{"line":316,"column":61},"skip":true},"78":{"start":{"line":317,"column":12},"end":{"line":320,"column":13},"skip":true},"79":{"start":{"line":318,"column":16},"end":{"line":318,"column":75},"skip":true},"80":{"start":{"line":319,"column":16},"end":{"line":319,"column":23},"skip":true},"81":{"start":{"line":321,"column":12},"end":{"line":321,"column":38},"skip":true},"82":{"start":{"line":322,"column":12},"end":{"line":322,"column":27},"skip":true},"83":{"start":{"line":324,"column":8},"end":{"line":324,"column":14},"skip":true}},"branchMap":{"1":{"line":39,"type":"binary-expr","locations":[{"start":{"line":39,"column":23},"end":{"line":39,"column":62}},{"start":{"line":40,"column":20},"end":{"line":40,"column":70}},{"start":{"line":41,"column":20},"end":{"line":41,"column":71}},{"start":{"line":42,"column":20},"end":{"line":42,"column":29}}]},"2":{"line":44,"type":"binary-expr","locations":[{"start":{"line":44,"column":23},"end":{"line":44,"column":37}},{"start":{"line":45,"column":20},"end":{"line":45,"column":61}},{"start":{"line":46,"column":20},"end":{"line":46,"column":70}},{"start":{"line":47,"column":20},"end":{"line":47,"column":26}}]},"3":{"line":51,"type":"cond-expr","locations":[{"start":{"line":52,"column":14},"end":{"line":52,"column":20}},{"start":{"line":53,"column":14},"end":{"line":53,"column":20}}]},"4":{"line":55,"type":"binary-expr","locations":[{"start":{"line":55,"column":16},"end":{"line":55,"column":44}},{"start":{"line":55,"column":49},"end":{"line":57,"column":43}}]},"5":{"line":55,"type":"cond-expr","locations":[{"start":{"line":56,"column":14},"end":{"line":56,"column":54}},{"start":{"line":57,"column":14},"end":{"line":57,"column":43}}]},"6":{"line":61,"type":"switch","locations":[{"start":{"line":68,"column":4},"end":{"line":150,"column":14},"skip":true},{"start":{"line":156,"column":4},"end":{"line":324,"column":14},"skip":true}]},"7":{"line":70,"type":"if","locations":[{"start":{"line":70,"column":12},"end":{"line":70,"column":12},"skip":true},{"start":{"line":70,"column":12},"end":{"line":70,"column":12},"skip":true}]},"8":{"line":70,"type":"binary-expr","locations":[{"start":{"line":70,"column":16},"end":{"line":70,"column":22},"skip":true},{"start":{"line":70,"column":27},"end":{"line":70,"column":32},"skip":true},{"start":{"line":71,"column":20},"end":{"line":71,"column":39},"skip":true},{"start":{"line":72,"column":20},"end":{"line":72,"column":49},"skip":true},{"start":{"line":73,"column":20},"end":{"line":73,"column":58},"skip":true},{"start":{"line":74,"column":20},"end":{"line":74,"column":69},"skip":true}]},"9":{"line":79,"type":"switch","locations":[{"start":{"line":80,"column":20},"end":{"line":80,"column":33},"skip":true},{"start":{"line":81,"column":20},"end":{"line":83,"column":30},"skip":true},{"start":{"line":84,"column":20},"end":{"line":85,"column":49},"skip":true}]},"10":{"line":89,"type":"switch","locations":[{"start":{"line":90,"column":12},"end":{"line":103,"column":22},"skip":true},{"start":{"line":105,"column":12},"end":{"line":106,"column":22},"skip":true}]},"11":{"line":89,"type":"binary-expr","locations":[{"start":{"line":89,"column":20},"end":{"line":89,"column":25},"skip":true},{"start":{"line":89,"column":29},"end":{"line":89,"column":48},"skip":true},{"start":{"line":89,"column":52},"end":{"line":89,"column":74},"skip":true}]},"12":{"line":92,"type":"if","locations":[{"start":{"line":92,"column":16},"end":{"line":92,"column":16},"skip":true},{"start":{"line":92,"column":16},"end":{"line":92,"column":16},"skip":true}]},"13":{"line":108,"type":"if","locations":[{"start":{"line":108,"column":12},"end":{"line":108,"column":12},"skip":true},{"start":{"line":108,"column":12},"end":{"line":108,"column":12},"skip":true}]},"14":{"line":108,"type":"binary-expr","locations":[{"start":{"line":108,"column":16},"end":{"line":108,"column":61},"skip":true},{"start":{"line":108,"column":66},"end":{"line":108,"column":72},"skip":true},{"start":{"line":108,"column":77},"end":{"line":108,"column":82},"skip":true},{"start":{"line":109,"column":20},"end":{"line":109,"column":39},"skip":true},{"start":{"line":110,"column":20},"end":{"line":110,"column":49},"skip":true},{"start":{"line":111,"column":20},"end":{"line":111,"column":58},"skip":true},{"start":{"line":112,"column":20},"end":{"line":112,"column":68},"skip":true}]},"15":{"line":129,"type":"if","locations":[{"start":{"line":129,"column":16},"end":{"line":129,"column":16},"skip":true},{"start":{"line":129,"column":16},"end":{"line":129,"column":16},"skip":true}]},"16":{"line":134,"type":"cond-expr","locations":[{"start":{"line":135,"column":26},"end":{"line":135,"column":29},"skip":true},{"start":{"line":136,"column":26},"end":{"line":136,"column":54},"skip":true}]},"17":{"line":164,"type":"binary-expr","locations":[{"start":{"line":164,"column":27},"end":{"line":164,"column":43},"skip":true},{"start":{"line":164,"column":47},"end":{"line":164,"column":49},"skip":true}]},"18":{"line":258,"type":"if","locations":[{"start":{"line":258,"column":8},"end":{"line":258,"column":8},"skip":true},{"start":{"line":258,"column":8},"end":{"line":258,"column":8},"skip":true}]},"19":{"line":275,"type":"switch","locations":[{"start":{"line":276,"column":20},"end":{"line":277,"column":64},"skip":true},{"start":{"line":278,"column":20},"end":{"line":279,"column":40},"skip":true},{"start":{"line":280,"column":20},"end":{"line":281,"column":40},"skip":true},{"start":{"line":282,"column":20},"end":{"line":283,"column":39},"skip":true}]},"20":{"line":288,"type":"if","locations":[{"start":{"line":288,"column":8},"end":{"line":288,"column":8},"skip":true},{"start":{"line":288,"column":8},"end":{"line":288,"column":8},"skip":true}]},"21":{"line":288,"type":"binary-expr","locations":[{"start":{"line":288,"column":12},"end":{"line":288,"column":40},"skip":true},{"start":{"line":288,"column":44},"end":{"line":288,"column":67},"skip":true}]},"22":{"line":292,"type":"binary-expr","locations":[{"start":{"line":292,"column":12},"end":{"line":292,"column":50},"skip":true},{"start":{"line":293,"column":12},"end":{"line":293,"column":53},"skip":true}]},"23":{"line":297,"type":"binary-expr","locations":[{"start":{"line":297,"column":12},"end":{"line":297,"column":68},"skip":true},{"start":{"line":298,"column":12},"end":{"line":301,"column":36},"skip":true}]},"24":{"line":303,"type":"binary-expr","locations":[{"start":{"line":303,"column":43},"end":{"line":303,"column":75},"skip":true},{"start":{"line":303,"column":79},"end":{"line":303,"column":81},"skip":true}]},"25":{"line":306,"type":"if","locations":[{"start":{"line":306,"column":8},"end":{"line":306,"column":8},"skip":true},{"start":{"line":306,"column":8},"end":{"line":306,"column":8},"skip":true}]},"26":{"line":310,"type":"if","locations":[{"start":{"line":310,"column":8},"end":{"line":310,"column":8},"skip":true},{"start":{"line":310,"column":8},"end":{"line":310,"column":8},"skip":true}]},"27":{"line":313,"type":"binary-expr","locations":[{"start":{"line":313,"column":27},"end":{"line":313,"column":43},"skip":true},{"start":{"line":313,"column":47},"end":{"line":313,"column":53},"skip":true}]},"28":{"line":317,"type":"if","locations":[{"start":{"line":317,"column":12},"end":{"line":317,"column":12},"skip":true},{"start":{"line":317,"column":12},"end":{"line":317,"column":12},"skip":true}]}},"code":["/*","example.js","","quickstart example","","instruction","    1. save this script as example.js","    2. run the shell command:","        $ npm install npmtest-formidable && PORT=8081 node example.js","    3. play with the browser-demo on http://127.0.0.1:8081","*/","","","","/* istanbul instrument in package npmtest_formidable */","/*jslint","    bitwise: true,","    browser: true,","    maxerr: 8,","    maxlen: 96,","    node: true,","    nomen: true,","    regexp: true,","    stupid: true","*/","(function () {","    'use strict';","    var local;","","","","    // run shared js-env code - pre-init","    (function () {","        // init local","        local = {};","        // init modeJs","        local.modeJs = (function () {","            try {","                return typeof navigator.userAgent === 'string' &&","                    typeof document.querySelector('body') === 'object' &&","                    typeof XMLHttpRequest.prototype.open === 'function' &&","                    'browser';","            } catch (errorCaughtBrowser) {","                return module.exports &&","                    typeof process.versions.node === 'string' &&","                    typeof require('http').createServer === 'function' &&","                    'node';","            }","        }());","        // init global","        local.global = local.modeJs === 'browser'","            ? window","            : global;","        // init utility2_rollup","        local = local.global.utility2_rollup || (local.modeJs === 'browser'","            ? local.global.utility2_npmtest_formidable","            : global.utility2_moduleExports);","        // export local","        local.global.local = local;","    }());","    switch (local.modeJs) {","","","","    // post-init","    // run browser js-env code - post-init","    /* istanbul ignore next */","    case 'browser':","        local.testRunBrowser = function (event) {","            if (!event || (event &&","                    event.currentTarget &&","                    event.currentTarget.className &&","                    event.currentTarget.className.includes &&","                    event.currentTarget.className.includes('onreset'))) {","                // reset output","                Array.from(","                    document.querySelectorAll('body > .resettable')","                ).forEach(function (element) {","                    switch (element.tagName) {","                    case 'INPUT':","                    case 'TEXTAREA':","                        element.value = '';","                        break;","                    default:","                        element.textContent = '';","                    }","                });","            }","            switch (event && event.currentTarget && event.currentTarget.id) {","            case 'testRunButton1':","                // show tests","                if (document.querySelector('#testReportDiv1').style.display === 'none') {","                    document.querySelector('#testReportDiv1').style.display = 'block';","                    document.querySelector('#testRunButton1').textContent =","                        'hide internal test';","                    local.modeTest = true;","                    local.testRunDefault(local);","                // hide tests","                } else {","                    document.querySelector('#testReportDiv1').style.display = 'none';","                    document.querySelector('#testRunButton1').textContent = 'run internal test';","                }","                break;","            // custom-case","            default:","                break;","            }","            if (document.querySelector('#inputTextareaEval1') && (!event || (event &&","                    event.currentTarget &&","                    event.currentTarget.className &&","                    event.currentTarget.className.includes &&","                    event.currentTarget.className.includes('oneval')))) {","                // try to eval input-code","                try {","                    /*jslint evil: true*/","                    eval(document.querySelector('#inputTextareaEval1').value);","                } catch (errorCaught) {","                    console.error(errorCaught);","                }","            }","        };","        // log stderr and stdout to #outputTextareaStdout1","        ['error', 'log'].forEach(function (key) {","            console[key + '_original'] = console[key];","            console[key] = function () {","                var element;","                console[key + '_original'].apply(console, arguments);","                element = document.querySelector('#outputTextareaStdout1');","                if (!element) {","                    return;","                }","                // append text to #outputTextareaStdout1","                element.value += Array.from(arguments).map(function (arg) {","                    return typeof arg === 'string'","                        ? arg","                        : JSON.stringify(arg, null, 4);","                }).join(' ') + '\\n';","                // scroll textarea to bottom","                element.scrollTop = element.scrollHeight;","            };","        });","        // init event-handling","        ['change', 'click', 'keyup'].forEach(function (event) {","            Array.from(document.querySelectorAll('.on' + event)).forEach(function (element) {","                element.addEventListener(event, local.testRunBrowser);","            });","        });","        // run tests","        local.testRunBrowser();","        break;","","","","    // run node js-env code - post-init","    /* istanbul ignore next */","    case 'node':","        // export local","        module.exports = local;","        // require modules","        local.fs = require('fs');","        local.http = require('http');","        local.url = require('url');","        // init assets","        local.assetsDict = local.assetsDict || {};","        /* jslint-ignore-begin */","        local.assetsDict['/assets.index.template.html'] = '\\","<!doctype html>\\n\\","<html lang=\"en\">\\n\\","<head>\\n\\","<meta charset=\"UTF-8\">\\n\\","<meta name=\"viewport\" content=\"width=device-width, initial-scale=1\">\\n\\","<title>{{env.npm_package_name}} (v{{env.npm_package_version}})</title>\\n\\","<style>\\n\\","/*csslint\\n\\","    box-sizing: false,\\n\\","    universal-selector: false\\n\\","*/\\n\\","* {\\n\\","    box-sizing: border-box;\\n\\","}\\n\\","body {\\n\\","    background: #dde;\\n\\","    font-family: Arial, Helvetica, sans-serif;\\n\\","    margin: 2rem;\\n\\","}\\n\\","body > * {\\n\\","    margin-bottom: 1rem;\\n\\","}\\n\\",".utility2FooterDiv {\\n\\","    margin-top: 20px;\\n\\","    text-align: center;\\n\\","}\\n\\","</style>\\n\\","<style>\\n\\","/*csslint\\n\\","*/\\n\\","textarea {\\n\\","    font-family: monospace;\\n\\","    height: 10rem;\\n\\","    width: 100%;\\n\\","}\\n\\","textarea[readonly] {\\n\\","    background: #ddd;\\n\\","}\\n\\","</style>\\n\\","</head>\\n\\","<body>\\n\\","<!-- utility2-comment\\n\\","<div id=\"ajaxProgressDiv1\" style=\"background: #d00; height: 2px; left: 0; margin: 0; padding: 0; position: fixed; top: 0; transition: background 0.5s, width 1.5s; width: 25%;\"></div>\\n\\","utility2-comment -->\\n\\","<h1>\\n\\","<!-- utility2-comment\\n\\","    <a\\n\\","        {{#if env.npm_package_homepage}}\\n\\","        href=\"{{env.npm_package_homepage}}\"\\n\\","        {{/if env.npm_package_homepage}}\\n\\","        target=\"_blank\"\\n\\","    >\\n\\","utility2-comment -->\\n\\","        {{env.npm_package_name}} (v{{env.npm_package_version}})\\n\\","<!-- utility2-comment\\n\\","    </a>\\n\\","utility2-comment -->\\n\\","</h1>\\n\\","<h3>{{env.npm_package_description}}</h3>\\n\\","<!-- utility2-comment\\n\\","<h4><a download href=\"assets.app.js\">download standalone app</a></h4>\\n\\","<button class=\"onclick onreset\" id=\"testRunButton1\">run internal test</button><br>\\n\\","<div id=\"testReportDiv1\" style=\"display: none;\"></div>\\n\\","utility2-comment -->\\n\\","\\n\\","\\n\\","\\n\\","<label>stderr and stdout</label>\\n\\","<textarea class=\"resettable\" id=\"outputTextareaStdout1\" readonly></textarea>\\n\\","<!-- utility2-comment\\n\\","{{#if isRollup}}\\n\\","<script src=\"assets.app.js\"></script>\\n\\","{{#unless isRollup}}\\n\\","utility2-comment -->\\n\\","<script src=\"assets.utility2.rollup.js\"></script>\\n\\","<script src=\"jsonp.utility2._stateInit?callback=window.utility2._stateInit\"></script>\\n\\","<script src=\"assets.npmtest_formidable.rollup.js\"></script>\\n\\","<script src=\"assets.example.js\"></script>\\n\\","<script src=\"assets.test.js\"></script>\\n\\","<!-- utility2-comment\\n\\","{{/if isRollup}}\\n\\","utility2-comment -->\\n\\","<div class=\"utility2FooterDiv\">\\n\\","    [ this app was created with\\n\\","    <a href=\"https://github.com/kaizhu256/node-utility2\" target=\"_blank\">utility2</a>\\n\\","    ]\\n\\","</div>\\n\\","</body>\\n\\","</html>\\n\\","';","        /* jslint-ignore-end */","        if (local.templateRender) {","            local.assetsDict['/'] = local.templateRender(","                local.assetsDict['/assets.index.template.html'],","                {","                    env: local.objectSetDefault(local.env, {","                        npm_package_description: 'the greatest app in the world!',","                        npm_package_name: 'my-app',","                        npm_package_nameAlias: 'my_app',","                        npm_package_version: '0.0.1'","                    })","                }","            );","        } else {","            local.assetsDict['/'] = local.assetsDict['/assets.index.template.html']","                .replace((/\\{\\{env\\.(\\w+?)\\}\\}/g), function (match0, match1) {","                    // jslint-hack","                    String(match0);","                    switch (match1) {","                    case 'npm_package_description':","                        return 'the greatest app in the world!';","                    case 'npm_package_name':","                        return 'my-app';","                    case 'npm_package_nameAlias':","                        return 'my_app';","                    case 'npm_package_version':","                        return '0.0.1';","                    }","                });","        }","        // run the cli","        if (local.global.utility2_rollup || module !== require.main) {","            break;","        }","        local.assetsDict['/assets.example.js'] =","            local.assetsDict['/assets.example.js'] ||","            local.fs.readFileSync(__filename, 'utf8');","        // bug-workaround - long $npm_package_buildCustomOrg","        /* jslint-ignore-begin */","        local.assetsDict['/assets.npmtest_formidable.rollup.js'] =","            local.assetsDict['/assets.npmtest_formidable.rollup.js'] ||","            local.fs.readFileSync(","                local.npmtest_formidable.__dirname + '/lib.npmtest_formidable.js',","                'utf8'","            ).replace((/^#!/), '//');","        /* jslint-ignore-end */","        local.assetsDict['/favicon.ico'] = local.assetsDict['/favicon.ico'] || '';","        // if $npm_config_timeout_exit exists,","        // then exit this process after $npm_config_timeout_exit ms","        if (Number(process.env.npm_config_timeout_exit)) {","            setTimeout(process.exit, Number(process.env.npm_config_timeout_exit));","        }","        // start server","        if (local.global.utility2_serverHttp1) {","            break;","        }","        process.env.PORT = process.env.PORT || '8081';","        console.error('server starting on port ' + process.env.PORT);","        local.http.createServer(function (request, response) {","            request.urlParsed = local.url.parse(request.url);","            if (local.assetsDict[request.urlParsed.pathname] !== undefined) {","                response.end(local.assetsDict[request.urlParsed.pathname]);","                return;","            }","            response.statusCode = 404;","            response.end();","        }).listen(process.env.PORT);","        break;","    }","}());",""],"l":{"26":2,"28":2,"33":2,"35":2,"37":2,"38":2,"39":2,"44":1,"51":2,"55":2,"59":2,"61":2,"69":1,"70":2,"76":2,"79":2,"82":2,"83":2,"85":1,"89":2,"92":1,"93":1,"94":1,"96":1,"97":1,"100":1,"101":1,"103":1,"106":1,"108":2,"114":1,"116":1,"118":1,"123":1,"124":2,"125":2,"126":3,"127":3,"128":3,"129":3,"130":1,"133":3,"134":3,"139":3,"143":1,"144":3,"145":1,"149":1,"150":1,"158":1,"160":1,"161":1,"162":1,"164":1,"166":1,"258":1,"259":1,"271":1,"274":6,"275":6,"277":1,"279":2,"281":1,"283":2,"288":1,"289":1,"291":1,"296":1,"303":1,"306":1,"307":1,"310":1,"311":1,"313":1,"314":1,"315":1,"316":1,"317":1,"318":1,"319":1,"321":1,"322":1,"324":1}},"/home/travis/build/npmtest/node-npmtest-formidable/node_modules/formidable/lib/index.js":{"path":"/home/travis/build/npmtest/node-npmtest-formidable/node_modules/formidable/lib/index.js","s":{"1":1,"2":1,"3":1},"b":{},"f":{},"fnMap":{},"statementMap":{"1":{"start":{"line":1,"column":0},"end":{"line":1,"column":59}},"2":{"start":{"line":2,"column":0},"end":{"line":2,"column":41}},"3":{"start":{"line":3,"column":0},"end":{"line":3,"column":30}}},"branchMap":{},"code":["var IncomingForm = require('./incoming_form').IncomingForm;","IncomingForm.IncomingForm = IncomingForm;","module.exports = IncomingForm;",""],"l":{"1":1,"2":1,"3":1}},"/home/travis/build/npmtest/node-npmtest-formidable/node_modules/formidable/lib/incoming_form.js":{"path":"/home/travis/build/npmtest/node-npmtest-formidable/node_modules/formidable/lib/incoming_form.js","s":{"1":1,"2":0,"3":1,"4":1,"5":1,"6":1,"7":0,"8":0,"9":0,"10":0,"11":0,"12":0,"13":0,"14":0,"15":0,"16":0,"17":0,"18":0,"19":0,"20":0,"21":0,"22":0,"23":0,"24":0,"25":0,"26":0,"27":0,"28":0,"29":1,"30":1,"31":1,"32":0,"33":0,"34":0,"35":0,"36":0,"37":0,"38":0,"39":0,"40":0,"41":0,"42":0,"43":0,"44":0,"45":0,"46":0,"47":0,"48":0,"49":0,"50":0,"51":0,"52":0,"53":0,"54":0,"55":0,"56":0,"57":0,"58":0,"59":0,"60":0,"61":0,"62":0,"63":0,"64":0,"65":0,"66":0,"67":0,"68":0,"69":0,"70":0,"71":0,"72":1,"73":0,"74":0,"75":0,"76":1,"77":0,"78":0,"79":0,"80":0,"81":0,"82":0,"83":0,"84":0,"85":0,"86":0,"87":0,"88":1,"89":0,"90":1,"91":0,"92":1,"93":0,"94":1,"95":0,"96":0,"97":0,"98":0,"99":0,"100":0,"101":0,"102":0,"103":0,"104":0,"105":0,"106":0,"107":0,"108":0,"109":0,"110":0,"111":0,"112":0,"113":0,"114":0,"115":0,"116":0,"117":0,"118":0,"119":0,"120":0,"121":0,"122":0,"123":1,"124":0,"125":0,"126":0,"127":0,"128":1,"129":0,"130":0,"131":0,"132":0,"133":0,"134":0,"135":0,"136":0,"137":0,"138":0,"139":0,"140":0,"141":0,"142":0,"143":0,"144":0,"145":0,"146":0,"147":0,"148":0,"149":0,"150":0,"151":1,"152":0,"153":0,"154":0,"155":0,"156":0,"157":0,"158":0,"159":0,"160":1,"161":0,"162":0,"163":0,"164":0,"165":0,"166":0,"167":0,"168":1,"169":0,"170":1,"171":0,"172":0,"173":0,"174":0,"175":0,"176":0,"177":0,"178":0,"179":0,"180":0,"181":0,"182":0,"183":0,"184":0,"185":0,"186":0,"187":0,"188":0,"189":0,"190":0,"191":0,"192":0,"193":0,"194":0,"195":0,"196":0,"197":0,"198":0,"199":0,"200":0,"201":0,"202":0,"203":0,"204":0,"205":0,"206":0,"207":0,"208":0,"209":0,"210":0,"211":0,"212":0,"213":0,"214":0,"215":0,"216":0,"217":0,"218":0,"219":0,"220":0,"221":0,"222":0,"223":0,"224":0,"225":1,"226":0,"227":0,"228":0,"229":0,"230":0,"231":0,"232":0,"233":0,"234":0,"235":1,"236":0,"237":0,"238":0,"239":0,"240":0,"241":0,"242":0,"243":0,"244":1,"245":0,"246":0,"247":0,"248":0,"249":0,"250":0,"251":0,"252":0,"253":0,"254":0,"255":0,"256":0,"257":0,"258":0,"259":0,"260":0,"261":0,"262":0,"263":0,"264":0,"265":0,"266":0,"267":0,"268":0,"269":0,"270":0,"271":0,"272":0,"273":1,"274":0,"275":0,"276":0,"277":0,"278":0,"279":0,"280":0,"281":0,"282":0,"283":0,"284":1,"285":0,"286":0,"287":0,"288":0,"289":0,"290":0,"291":0,"292":1,"293":0,"294":0,"295":0},"b":{"1":[0,1],"2":[0,0],"3":[0,0],"4":[0,0],"5":[0,0],"6":[0,0],"7":[0,0,0,0],"8":[0,0],"9":[0,0],"10":[0,0],"11":[0,0],"12":[0,0],"13":[0,0],"14":[0,0],"15":[0,0],"16":[0,0],"17":[0,0],"18":[0,0],"19":[0,0],"20":[0,0],"21":[0,0],"22":[0,0],"23":[0,0],"24":[0,0],"25":[0,0],"26":[0,0],"27":[0,0],"28":[0,0],"29":[0,0],"30":[0,0],"31":[0,0],"32":[0,0],"33":[0,0],"34":[0,0],"35":[0,0],"36":[0,0],"37":[0,0],"38":[0,0],"39":[0,0],"40":[0,0],"41":[0,0,0],"42":[0,0],"43":[0,0],"44":[0,0,0,0,0],"45":[0,0],"46":[0,0,0],"47":[0,0],"48":[0,0],"49":[0,0],"50":[0,0],"51":[0,0],"52":[0,0,0]},"f":{"1":0,"2":0,"3":0,"4":0,"5":0,"6":0,"7":0,"8":0,"9":0,"10":0,"11":0,"12":0,"13":0,"14":0,"15":0,"16":0,"17":0,"18":0,"19":0,"20":0,"21":0,"22":0,"23":0,"24":0,"25":0,"26":0,"27":0,"28":0,"29":0,"30":0,"31":0,"32":0,"33":0,"34":0,"35":0,"36":0,"37":0,"38":0,"39":0,"40":0,"41":0,"42":0,"43":0,"44":0,"45":0,"46":0,"47":0,"48":0,"49":0,"50":0,"51":0,"52":0,"53":0,"54":0,"55":0,"56":0,"57":0,"58":0,"59":0},"fnMap":{"1":{"name":"IncomingForm","line":17,"loc":{"start":{"line":17,"column":0},"end":{"line":17,"column":28}}},"2":{"name":"(anonymous_2)","line":49,"loc":{"start":{"line":49,"column":31},"end":{"line":49,"column":49}}},"3":{"name":"(anonymous_3)","line":50,"loc":{"start":{"line":50,"column":15},"end":{"line":50,"column":26}}},"4":{"name":"(anonymous_4)","line":64,"loc":{"start":{"line":64,"column":16},"end":{"line":64,"column":27}}},"5":{"name":"(anonymous_5)","line":84,"loc":{"start":{"line":84,"column":19},"end":{"line":84,"column":41}}},"6":{"name":"(anonymous_6)","line":87,"loc":{"start":{"line":87,"column":18},"end":{"line":87,"column":39}}},"7":{"name":"(anonymous_7)","line":101,"loc":{"start":{"line":101,"column":19},"end":{"line":101,"column":33}}},"8":{"name":"(anonymous_8)","line":104,"loc":{"start":{"line":104,"column":17},"end":{"line":104,"column":28}}},"9":{"name":"(anonymous_9)","line":115,"loc":{"start":{"line":115,"column":17},"end":{"line":115,"column":31}}},"10":{"name":"(anonymous_10)","line":118,"loc":{"start":{"line":118,"column":19},"end":{"line":118,"column":30}}},"11":{"name":"(anonymous_11)","line":122,"loc":{"start":{"line":122,"column":16},"end":{"line":122,"column":33}}},"12":{"name":"(anonymous_12)","line":125,"loc":{"start":{"line":125,"column":15},"end":{"line":125,"column":26}}},"13":{"name":"(anonymous_13)","line":139,"loc":{"start":{"line":139,"column":38},"end":{"line":139,"column":56}}},"14":{"name":"(anonymous_14)","line":145,"loc":{"start":{"line":145,"column":31},"end":{"line":145,"column":48}}},"15":{"name":"(anonymous_15)","line":165,"loc":{"start":{"line":165,"column":31},"end":{"line":165,"column":42}}},"16":{"name":"(anonymous_16)","line":170,"loc":{"start":{"line":170,"column":32},"end":{"line":170,"column":43}}},"17":{"name":"(anonymous_17)","line":175,"loc":{"start":{"line":175,"column":32},"end":{"line":175,"column":47}}},"18":{"name":"(anonymous_18)","line":180,"loc":{"start":{"line":180,"column":36},"end":{"line":180,"column":51}}},"19":{"name":"(anonymous_19)","line":187,"loc":{"start":{"line":187,"column":20},"end":{"line":187,"column":37}}},"20":{"name":"(anonymous_20)","line":196,"loc":{"start":{"line":196,"column":19},"end":{"line":196,"column":30}}},"21":{"name":"(anonymous_21)","line":216,"loc":{"start":{"line":216,"column":18},"end":{"line":216,"column":35}}},"22":{"name":"(anonymous_22)","line":221,"loc":{"start":{"line":221,"column":23},"end":{"line":221,"column":34}}},"23":{"name":"(anonymous_23)","line":226,"loc":{"start":{"line":226,"column":17},"end":{"line":226,"column":28}}},"24":{"name":"(anonymous_24)","line":227,"loc":{"start":{"line":227,"column":13},"end":{"line":227,"column":24}}},"25":{"name":"dummyParser","line":235,"loc":{"start":{"line":235,"column":0},"end":{"line":235,"column":27}}},"26":{"name":"(anonymous_26)","line":237,"loc":{"start":{"line":237,"column":9},"end":{"line":237,"column":21}}},"27":{"name":"(anonymous_27)","line":245,"loc":{"start":{"line":245,"column":43},"end":{"line":245,"column":54}}},"28":{"name":"(anonymous_28)","line":284,"loc":{"start":{"line":284,"column":32},"end":{"line":284,"column":46}}},"29":{"name":"(anonymous_29)","line":293,"loc":{"start":{"line":293,"column":29},"end":{"line":293,"column":44}}},"30":{"name":"(anonymous_30)","line":295,"loc":{"start":{"line":295,"column":42},"end":{"line":295,"column":58}}},"31":{"name":"(anonymous_31)","line":300,"loc":{"start":{"line":300,"column":45},"end":{"line":300,"column":56}}},"32":{"name":"(anonymous_32)","line":313,"loc":{"start":{"line":313,"column":36},"end":{"line":313,"column":47}}},"33":{"name":"(anonymous_33)","line":317,"loc":{"start":{"line":317,"column":40},"end":{"line":317,"column":59}}},"34":{"name":"(anonymous_34)","line":328,"loc":{"start":{"line":328,"column":23},"end":{"line":328,"column":34}}},"35":{"name":"(anonymous_35)","line":343,"loc":{"start":{"line":343,"column":25},"end":{"line":343,"column":49}}},"36":{"name":"(anonymous_36)","line":347,"loc":{"start":{"line":347,"column":25},"end":{"line":347,"column":49}}},"37":{"name":"(anonymous_37)","line":351,"loc":{"start":{"line":351,"column":23},"end":{"line":351,"column":34}}},"38":{"name":"(anonymous_38)","line":373,"loc":{"start":{"line":373,"column":24},"end":{"line":373,"column":35}}},"39":{"name":"(anonymous_39)","line":378,"loc":{"start":{"line":378,"column":26},"end":{"line":378,"column":50}}},"40":{"name":"(anonymous_40)","line":382,"loc":{"start":{"line":382,"column":25},"end":{"line":382,"column":36}}},"41":{"name":"(anonymous_41)","line":388,"loc":{"start":{"line":388,"column":26},"end":{"line":388,"column":50}}},"42":{"name":"(anonymous_42)","line":402,"loc":{"start":{"line":402,"column":25},"end":{"line":402,"column":36}}},"43":{"name":"(anonymous_43)","line":416,"loc":{"start":{"line":416,"column":17},"end":{"line":416,"column":28}}},"44":{"name":"(anonymous_44)","line":424,"loc":{"start":{"line":424,"column":35},"end":{"line":424,"column":57}}},"45":{"name":"(anonymous_45)","line":432,"loc":{"start":{"line":432,"column":47},"end":{"line":432,"column":65}}},"46":{"name":"(anonymous_46)","line":438,"loc":{"start":{"line":438,"column":41},"end":{"line":438,"column":52}}},"47":{"name":"(anonymous_47)","line":444,"loc":{"start":{"line":444,"column":19},"end":{"line":444,"column":38}}},"48":{"name":"(anonymous_48)","line":448,"loc":{"start":{"line":448,"column":17},"end":{"line":448,"column":28}}},"49":{"name":"(anonymous_49)","line":456,"loc":{"start":{"line":456,"column":42},"end":{"line":456,"column":53}}},"50":{"name":"(anonymous_50)","line":479,"loc":{"start":{"line":479,"column":26},"end":{"line":479,"column":42}}},"51":{"name":"(anonymous_51)","line":483,"loc":{"start":{"line":483,"column":23},"end":{"line":483,"column":34}}},"52":{"name":"(anonymous_52)","line":493,"loc":{"start":{"line":493,"column":25},"end":{"line":493,"column":35}}},"53":{"name":"(anonymous_53)","line":497,"loc":{"start":{"line":497,"column":15},"end":{"line":497,"column":25}}},"54":{"name":"(anonymous_54)","line":498,"loc":{"start":{"line":498,"column":15},"end":{"line":498,"column":26}}},"55":{"name":"(anonymous_55)","line":512,"loc":{"start":{"line":512,"column":42},"end":{"line":512,"column":53}}},"56":{"name":"(anonymous_56)","line":522,"loc":{"start":{"line":522,"column":19},"end":{"line":522,"column":38}}},"57":{"name":"(anonymous_57)","line":526,"loc":{"start":{"line":526,"column":17},"end":{"line":526,"column":28}}},"58":{"name":"(anonymous_58)","line":534,"loc":{"start":{"line":534,"column":37},"end":{"line":534,"column":56}}},"59":{"name":"(anonymous_59)","line":548,"loc":{"start":{"line":548,"column":35},"end":{"line":548,"column":46}}}},"statementMap":{"1":{"start":{"line":1,"column":0},"end":{"line":1,"column":52}},"2":{"start":{"line":1,"column":19},"end":{"line":1,"column":52}},"3":{"start":{"line":3,"column":0},"end":{"line":3,"column":31}},"4":{"start":{"line":4,"column":0},"end":{"line":4,"column":23}},"5":{"start":{"line":5,"column":0},"end":{"line":15,"column":23}},"6":{"start":{"line":17,"column":0},"end":{"line":45,"column":1}},"7":{"start":{"line":18,"column":2},"end":{"line":18,"column":69}},"8":{"start":{"line":18,"column":39},"end":{"line":18,"column":69}},"9":{"start":{"line":19,"column":2},"end":{"line":19,"column":26}},"10":{"start":{"line":21,"column":2},"end":{"line":21,"column":16}},"11":{"start":{"line":23,"column":2},"end":{"line":23,"column":20}},"12":{"start":{"line":24,"column":2},"end":{"line":24,"column":21}},"13":{"start":{"line":26,"column":2},"end":{"line":26,"column":42}},"14":{"start":{"line":27,"column":2},"end":{"line":27,"column":61}},"15":{"start":{"line":28,"column":2},"end":{"line":28,"column":53}},"16":{"start":{"line":29,"column":2},"end":{"line":29,"column":79}},"17":{"start":{"line":30,"column":2},"end":{"line":30,"column":43}},"18":{"start":{"line":31,"column":2},"end":{"line":31,"column":22}},"19":{"start":{"line":32,"column":2},"end":{"line":32,"column":19}},"20":{"start":{"line":33,"column":2},"end":{"line":33,"column":33}},"21":{"start":{"line":34,"column":2},"end":{"line":34,"column":43}},"22":{"start":{"line":36,"column":2},"end":{"line":36,"column":28}},"23":{"start":{"line":37,"column":2},"end":{"line":37,"column":28}},"24":{"start":{"line":39,"column":2},"end":{"line":39,"column":22}},"25":{"start":{"line":40,"column":2},"end":{"line":40,"column":21}},"26":{"start":{"line":41,"column":2},"end":{"line":41,"column":23}},"27":{"start":{"line":42,"column":2},"end":{"line":42,"column":24}},"28":{"start":{"line":44,"column":2},"end":{"line":44,"column":14}},"29":{"start":{"line":46,"column":0},"end":{"line":46,"column":42}},"30":{"start":{"line":47,"column":0},"end":{"line":47,"column":36}},"31":{"start":{"line":49,"column":0},"end":{"line":137,"column":2}},"32":{"start":{"line":50,"column":2},"end":{"line":62,"column":4}},"33":{"start":{"line":51,"column":4},"end":{"line":60,"column":5}},"34":{"start":{"line":52,"column":6},"end":{"line":52,"column":18}},"35":{"start":{"line":55,"column":6},"end":{"line":58,"column":7}},"36":{"start":{"line":57,"column":8},"end":{"line":57,"column":25}},"37":{"start":{"line":59,"column":6},"end":{"line":59,"column":19}},"38":{"start":{"line":61,"column":4},"end":{"line":61,"column":16}},"39":{"start":{"line":64,"column":2},"end":{"line":77,"column":4}},"40":{"start":{"line":65,"column":4},"end":{"line":74,"column":5}},"41":{"start":{"line":66,"column":6},"end":{"line":66,"column":19}},"42":{"start":{"line":69,"column":6},"end":{"line":72,"column":7}},"43":{"start":{"line":71,"column":8},"end":{"line":71,"column":25}},"44":{"start":{"line":73,"column":6},"end":{"line":73,"column":19}},"45":{"start":{"line":76,"column":4},"end":{"line":76,"column":16}},"46":{"start":{"line":81,"column":2},"end":{"line":107,"column":3}},"47":{"start":{"line":82,"column":4},"end":{"line":82,"column":32}},"48":{"start":{"line":83,"column":4},"end":{"line":106,"column":9}},"49":{"start":{"line":85,"column":8},"end":{"line":85,"column":29}},"50":{"start":{"line":88,"column":8},"end":{"line":99,"column":9}},"51":{"start":{"line":89,"column":10},"end":{"line":96,"column":11}},"52":{"start":{"line":90,"column":12},"end":{"line":92,"column":13}},"53":{"start":{"line":91,"column":14},"end":{"line":91,"column":42}},"54":{"start":{"line":93,"column":12},"end":{"line":93,"column":35}},"55":{"start":{"line":95,"column":12},"end":{"line":95,"column":31}},"56":{"start":{"line":98,"column":10},"end":{"line":98,"column":29}},"57":{"start":{"line":102,"column":8},"end":{"line":102,"column":31}},"58":{"start":{"line":105,"column":8},"end":{"line":105,"column":32}},"59":{"start":{"line":110,"column":2},"end":{"line":110,"column":33}},"60":{"start":{"line":113,"column":2},"end":{"line":113,"column":18}},"61":{"start":{"line":114,"column":2},"end":{"line":134,"column":7}},"62":{"start":{"line":116,"column":6},"end":{"line":116,"column":23}},"63":{"start":{"line":119,"column":6},"end":{"line":119,"column":27}},"64":{"start":{"line":120,"column":6},"end":{"line":120,"column":48}},"65":{"start":{"line":123,"column":6},"end":{"line":123,"column":25}},"66":{"start":{"line":126,"column":6},"end":{"line":128,"column":7}},"67":{"start":{"line":127,"column":8},"end":{"line":127,"column":15}},"68":{"start":{"line":130,"column":6},"end":{"line":130,"column":35}},"69":{"start":{"line":131,"column":6},"end":{"line":133,"column":7}},"70":{"start":{"line":132,"column":8},"end":{"line":132,"column":25}},"71":{"start":{"line":136,"column":2},"end":{"line":136,"column":14}},"72":{"start":{"line":139,"column":0},"end":{"line":143,"column":2}},"73":{"start":{"line":140,"column":2},"end":{"line":140,"column":25}},"74":{"start":{"line":141,"column":2},"end":{"line":141,"column":29}},"75":{"start":{"line":142,"column":2},"end":{"line":142,"column":27}},"76":{"start":{"line":145,"column":0},"end":{"line":163,"column":2}},"77":{"start":{"line":146,"column":2},"end":{"line":148,"column":3}},"78":{"start":{"line":147,"column":4},"end":{"line":147,"column":11}},"79":{"start":{"line":149,"column":2},"end":{"line":152,"column":3}},"80":{"start":{"line":150,"column":4},"end":{"line":150,"column":51}},"81":{"start":{"line":151,"column":4},"end":{"line":151,"column":11}},"82":{"start":{"line":154,"column":2},"end":{"line":154,"column":38}},"83":{"start":{"line":155,"column":2},"end":{"line":155,"column":64}},"84":{"start":{"line":157,"column":2},"end":{"line":157,"column":47}},"85":{"start":{"line":158,"column":2},"end":{"line":160,"column":3}},"86":{"start":{"line":159,"column":4},"end":{"line":159,"column":94}},"87":{"start":{"line":162,"column":2},"end":{"line":162,"column":21}},"88":{"start":{"line":165,"column":0},"end":{"line":168,"column":2}},"89":{"start":{"line":167,"column":2},"end":{"line":167,"column":15}},"90":{"start":{"line":170,"column":0},"end":{"line":173,"column":2}},"91":{"start":{"line":172,"column":2},"end":{"line":172,"column":15}},"92":{"start":{"line":175,"column":0},"end":{"line":178,"column":2}},"93":{"start":{"line":177,"column":2},"end":{"line":177,"column":24}},"94":{"start":{"line":180,"column":0},"end":{"line":233,"column":2}},"95":{"start":{"line":181,"column":2},"end":{"line":181,"column":18}},"96":{"start":{"line":183,"column":2},"end":{"line":200,"column":3}},"97":{"start":{"line":184,"column":4},"end":{"line":185,"column":51}},"98":{"start":{"line":187,"column":4},"end":{"line":194,"column":7}},"99":{"start":{"line":188,"column":6},"end":{"line":188,"column":40}},"100":{"start":{"line":189,"column":6},"end":{"line":192,"column":7}},"101":{"start":{"line":190,"column":8},"end":{"line":190,"column":108}},"102":{"start":{"line":191,"column":8},"end":{"line":191,"column":15}},"103":{"start":{"line":193,"column":6},"end":{"line":193,"column":37}},"104":{"start":{"line":196,"column":4},"end":{"line":198,"column":7}},"105":{"start":{"line":197,"column":6},"end":{"line":197,"column":43}},"106":{"start":{"line":199,"column":4},"end":{"line":199,"column":11}},"107":{"start":{"line":202,"column":2},"end":{"line":202,"column":19}},"108":{"start":{"line":204,"column":2},"end":{"line":209,"column":5}},"109":{"start":{"line":211,"column":2},"end":{"line":211,"column":42}},"110":{"start":{"line":213,"column":2},"end":{"line":213,"column":14}},"111":{"start":{"line":214,"column":2},"end":{"line":214,"column":30}},"112":{"start":{"line":216,"column":2},"end":{"line":224,"column":5}},"113":{"start":{"line":217,"column":4},"end":{"line":219,"column":5}},"114":{"start":{"line":218,"column":6},"end":{"line":218,"column":13}},"115":{"start":{"line":220,"column":4},"end":{"line":220,"column":17}},"116":{"start":{"line":221,"column":4},"end":{"line":223,"column":7}},"117":{"start":{"line":222,"column":6},"end":{"line":222,"column":20}},"118":{"start":{"line":226,"column":2},"end":{"line":232,"column":5}},"119":{"start":{"line":227,"column":4},"end":{"line":231,"column":7}},"120":{"start":{"line":228,"column":6},"end":{"line":228,"column":23}},"121":{"start":{"line":229,"column":6},"end":{"line":229,"column":41}},"122":{"start":{"line":230,"column":6},"end":{"line":230,"column":23}},"123":{"start":{"line":235,"column":0},"end":{"line":243,"column":1}},"124":{"start":{"line":236,"column":2},"end":{"line":242,"column":4}},"125":{"start":{"line":238,"column":6},"end":{"line":238,"column":24}},"126":{"start":{"line":239,"column":6},"end":{"line":239,"column":23}},"127":{"start":{"line":240,"column":6},"end":{"line":240,"column":18}},"128":{"start":{"line":245,"column":0},"end":{"line":282,"column":2}},"129":{"start":{"line":246,"column":2},"end":{"line":249,"column":3}},"130":{"start":{"line":247,"column":4},"end":{"line":247,"column":37}},"131":{"start":{"line":248,"column":4},"end":{"line":248,"column":11}},"132":{"start":{"line":251,"column":2},"end":{"line":254,"column":3}},"133":{"start":{"line":252,"column":4},"end":{"line":252,"column":71}},"134":{"start":{"line":253,"column":4},"end":{"line":253,"column":11}},"135":{"start":{"line":256,"column":2},"end":{"line":259,"column":3}},"136":{"start":{"line":257,"column":4},"end":{"line":257,"column":28}},"137":{"start":{"line":258,"column":4},"end":{"line":258,"column":11}},"138":{"start":{"line":261,"column":2},"end":{"line":264,"column":3}},"139":{"start":{"line":262,"column":4},"end":{"line":262,"column":27}},"140":{"start":{"line":263,"column":4},"end":{"line":263,"column":11}},"141":{"start":{"line":266,"column":2},"end":{"line":274,"column":3}},"142":{"start":{"line":267,"column":4},"end":{"line":267,"column":82}},"143":{"start":{"line":268,"column":4},"end":{"line":272,"column":5}},"144":{"start":{"line":269,"column":6},"end":{"line":269,"column":40}},"145":{"start":{"line":271,"column":6},"end":{"line":271,"column":79}},"146":{"start":{"line":273,"column":4},"end":{"line":273,"column":11}},"147":{"start":{"line":276,"column":2},"end":{"line":279,"column":3}},"148":{"start":{"line":277,"column":4},"end":{"line":277,"column":28}},"149":{"start":{"line":278,"column":4},"end":{"line":278,"column":11}},"150":{"start":{"line":281,"column":2},"end":{"line":281,"column":105}},"151":{"start":{"line":284,"column":0},"end":{"line":298,"column":2}},"152":{"start":{"line":285,"column":2},"end":{"line":287,"column":3}},"153":{"start":{"line":286,"column":4},"end":{"line":286,"column":11}},"154":{"start":{"line":289,"column":2},"end":{"line":289,"column":19}},"155":{"start":{"line":290,"column":2},"end":{"line":290,"column":26}},"156":{"start":{"line":292,"column":2},"end":{"line":297,"column":3}},"157":{"start":{"line":293,"column":4},"end":{"line":296,"column":7}},"158":{"start":{"line":294,"column":6},"end":{"line":294,"column":34}},"159":{"start":{"line":295,"column":6},"end":{"line":295,"column":63}},"160":{"start":{"line":300,"column":0},"end":{"line":311,"column":2}},"161":{"start":{"line":301,"column":2},"end":{"line":301,"column":25}},"162":{"start":{"line":302,"column":2},"end":{"line":306,"column":3}},"163":{"start":{"line":303,"column":4},"end":{"line":303,"column":70}},"164":{"start":{"line":304,"column":9},"end":{"line":306,"column":3}},"165":{"start":{"line":305,"column":4},"end":{"line":305,"column":27}},"166":{"start":{"line":308,"column":2},"end":{"line":310,"column":3}},"167":{"start":{"line":309,"column":4},"end":{"line":309,"column":66}},"168":{"start":{"line":313,"column":0},"end":{"line":315,"column":2}},"169":{"start":{"line":314,"column":2},"end":{"line":314,"column":31}},"170":{"start":{"line":317,"column":0},"end":{"line":422,"column":2}},"171":{"start":{"line":318,"column":2},"end":{"line":318,"column":26}},"172":{"start":{"line":320,"column":2},"end":{"line":324,"column":11}},"173":{"start":{"line":326,"column":2},"end":{"line":326,"column":36}},"174":{"start":{"line":328,"column":2},"end":{"line":341,"column":4}},"175":{"start":{"line":329,"column":4},"end":{"line":329,"column":24}},"176":{"start":{"line":330,"column":4},"end":{"line":330,"column":25}},"177":{"start":{"line":331,"column":4},"end":{"line":331,"column":22}},"178":{"start":{"line":332,"column":4},"end":{"line":332,"column":21}},"179":{"start":{"line":333,"column":4},"end":{"line":333,"column":25}},"180":{"start":{"line":334,"column":4},"end":{"line":334,"column":21}},"181":{"start":{"line":336,"column":4},"end":{"line":336,"column":37}},"182":{"start":{"line":337,"column":4},"end":{"line":337,"column":29}},"183":{"start":{"line":339,"column":4},"end":{"line":339,"column":21}},"184":{"start":{"line":340,"column":4},"end":{"line":340,"column":21}},"185":{"start":{"line":343,"column":2},"end":{"line":345,"column":4}},"186":{"start":{"line":344,"column":4},"end":{"line":344,"column":57}},"187":{"start":{"line":347,"column":2},"end":{"line":349,"column":4}},"188":{"start":{"line":348,"column":4},"end":{"line":348,"column":57}},"189":{"start":{"line":351,"column":2},"end":{"line":371,"column":4}},"190":{"start":{"line":352,"column":4},"end":{"line":352,"column":44}},"191":{"start":{"line":353,"column":4},"end":{"line":353,"column":44}},"192":{"start":{"line":356,"column":4},"end":{"line":356,"column":91}},"193":{"start":{"line":357,"column":4},"end":{"line":367,"column":5}},"194":{"start":{"line":358,"column":6},"end":{"line":360,"column":7}},"195":{"start":{"line":359,"column":8},"end":{"line":359,"column":39}},"196":{"start":{"line":362,"column":6},"end":{"line":362,"column":50}},"197":{"start":{"line":363,"column":11},"end":{"line":367,"column":5}},"198":{"start":{"line":364,"column":6},"end":{"line":364,"column":30}},"199":{"start":{"line":365,"column":11},"end":{"line":367,"column":5}},"200":{"start":{"line":366,"column":6},"end":{"line":366,"column":56}},"201":{"start":{"line":369,"column":4},"end":{"line":369,"column":21}},"202":{"start":{"line":370,"column":4},"end":{"line":370,"column":21}},"203":{"start":{"line":373,"column":2},"end":{"line":413,"column":4}},"204":{"start":{"line":374,"column":4},"end":{"line":410,"column":5}},"205":{"start":{"line":378,"column":6},"end":{"line":380,"column":8}},"206":{"start":{"line":379,"column":8},"end":{"line":379,"column":47}},"207":{"start":{"line":382,"column":6},"end":{"line":384,"column":8}},"208":{"start":{"line":383,"column":8},"end":{"line":383,"column":25}},"209":{"start":{"line":385,"column":6},"end":{"line":385,"column":12}},"210":{"start":{"line":388,"column":6},"end":{"line":400,"column":8}},"211":{"start":{"line":389,"column":8},"end":{"line":389,"column":69}},"212":{"start":{"line":397,"column":8},"end":{"line":397,"column":70}},"213":{"start":{"line":398,"column":8},"end":{"line":398,"column":90}},"214":{"start":{"line":399,"column":8},"end":{"line":399,"column":68}},"215":{"start":{"line":402,"column":6},"end":{"line":405,"column":8}},"216":{"start":{"line":403,"column":8},"end":{"line":403,"column":69}},"217":{"start":{"line":404,"column":8},"end":{"line":404,"column":25}},"218":{"start":{"line":406,"column":6},"end":{"line":406,"column":12}},"219":{"start":{"line":409,"column":6},"end":{"line":409,"column":65}},"220":{"start":{"line":412,"column":4},"end":{"line":412,"column":22}},"221":{"start":{"line":416,"column":2},"end":{"line":419,"column":4}},"222":{"start":{"line":417,"column":4},"end":{"line":417,"column":22}},"223":{"start":{"line":418,"column":4},"end":{"line":418,"column":21}},"224":{"start":{"line":421,"column":2},"end":{"line":421,"column":24}},"225":{"start":{"line":424,"column":0},"end":{"line":436,"column":2}},"226":{"start":{"line":426,"column":2},"end":{"line":426,"column":98}},"227":{"start":{"line":427,"column":2},"end":{"line":427,"column":17}},"228":{"start":{"line":427,"column":10},"end":{"line":427,"column":17}},"229":{"start":{"line":429,"column":2},"end":{"line":429,"column":33}},"230":{"start":{"line":430,"column":2},"end":{"line":430,"column":59}},"231":{"start":{"line":431,"column":2},"end":{"line":431,"column":43}},"232":{"start":{"line":432,"column":2},"end":{"line":434,"column":5}},"233":{"start":{"line":433,"column":4},"end":{"line":433,"column":37}},"234":{"start":{"line":435,"column":2},"end":{"line":435,"column":18}},"235":{"start":{"line":438,"column":0},"end":{"line":454,"column":2}},"236":{"start":{"line":439,"column":2},"end":{"line":439,"column":27}},"237":{"start":{"line":441,"column":2},"end":{"line":442,"column":18}},"238":{"start":{"line":444,"column":2},"end":{"line":446,"column":4}},"239":{"start":{"line":445,"column":4},"end":{"line":445,"column":33}},"240":{"start":{"line":448,"column":2},"end":{"line":451,"column":4}},"241":{"start":{"line":449,"column":4},"end":{"line":449,"column":22}},"242":{"start":{"line":450,"column":4},"end":{"line":450,"column":21}},"243":{"start":{"line":453,"column":2},"end":{"line":453,"column":24}},"244":{"start":{"line":456,"column":0},"end":{"line":510,"column":2}},"245":{"start":{"line":457,"column":2},"end":{"line":457,"column":29}},"246":{"start":{"line":458,"column":2},"end":{"line":458,"column":45}},"247":{"start":{"line":459,"column":2},"end":{"line":459,"column":42}},"248":{"start":{"line":461,"column":2},"end":{"line":465,"column":5}},"249":{"start":{"line":467,"column":2},"end":{"line":467,"column":41}},"250":{"start":{"line":468,"column":2},"end":{"line":468,"column":14}},"251":{"start":{"line":470,"column":2},"end":{"line":470,"column":19}},"252":{"start":{"line":472,"column":2},"end":{"line":472,"column":18}},"253":{"start":{"line":474,"column":2},"end":{"line":474,"column":35}},"254":{"start":{"line":477,"column":2},"end":{"line":477,"column":28}},"255":{"start":{"line":479,"column":2},"end":{"line":491,"column":5}},"256":{"start":{"line":480,"column":4},"end":{"line":480,"column":17}},"257":{"start":{"line":481,"column":4},"end":{"line":481,"column":24}},"258":{"start":{"line":483,"column":4},"end":{"line":490,"column":7}},"259":{"start":{"line":484,"column":6},"end":{"line":484,"column":26}},"260":{"start":{"line":485,"column":6},"end":{"line":485,"column":20}},"261":{"start":{"line":487,"column":6},"end":{"line":489,"column":7}},"262":{"start":{"line":488,"column":8},"end":{"line":488,"column":45}},"263":{"start":{"line":493,"column":2},"end":{"line":509,"column":5}},"264":{"start":{"line":494,"column":4},"end":{"line":494,"column":21}},"265":{"start":{"line":495,"column":4},"end":{"line":495,"column":22}},"266":{"start":{"line":497,"column":4},"end":{"line":502,"column":6}},"267":{"start":{"line":498,"column":6},"end":{"line":501,"column":9}},"268":{"start":{"line":499,"column":8},"end":{"line":499,"column":40}},"269":{"start":{"line":500,"column":8},"end":{"line":500,"column":25}},"270":{"start":{"line":504,"column":4},"end":{"line":508,"column":5}},"271":{"start":{"line":505,"column":6},"end":{"line":505,"column":13}},"272":{"start":{"line":507,"column":6},"end":{"line":507,"column":49}},"273":{"start":{"line":512,"column":0},"end":{"line":532,"column":2}},"274":{"start":{"line":513,"column":2},"
[...]
ne":321,"column":41}},{"start":{"line":321,"column":45},"end":{"line":321,"column":61}},{"start":{"line":322,"column":7},"end":{"line":322,"column":32}},{"start":{"line":322,"column":36},"end":{"line":322,"column":70}}]},"46":{"line":325,"type":"if","locations":[{"start":{"line":325,"column":9},"end":{"line":325,"column":9}},{"start":{"line":325,"column":9},"end":{"line":325,"column":9}}]}},"code":["var Buffer = require('buffer').Buffer,","    s = 0,","    S =","    { PARSER_UNINITIALIZED: s++,","      START: s++,","      START_BOUNDARY: s++,","      HEADER_FIELD_START: s++,","      HEADER_FIELD: s++,","      HEADER_VALUE_START: s++,","      HEADER_VALUE: s++,","      HEADER_VALUE_ALMOST_DONE: s++,","      HEADERS_ALMOST_DONE: s++,","      PART_DATA_START: s++,","      PART_DATA: s++,","      PART_END: s++,","      END: s++","    },","","    f = 1,","    F =","    { PART_BOUNDARY: f,","      LAST_BOUNDARY: f *= 2","    },","","    LF = 10,","    CR = 13,","    SPACE = 32,","    HYPHEN = 45,","    COLON = 58,","    A = 97,","    Z = 122,","","    lower = function(c) {","      return c | 0x20;","    };","","for (s in S) {","  exports[s] = S[s];","}","","function MultipartParser() {","  this.boundary = null;","  this.boundaryChars = null;","  this.lookbehind = null;","  this.state = S.PARSER_UNINITIALIZED;","","  this.index = null;","  this.flags = 0;","}","exports.MultipartParser = MultipartParser;","","MultipartParser.stateToString = function(stateNumber) {","  for (var state in S) {","    var number = S[state];","    if (number === stateNumber) return state;","  }","};","","MultipartParser.prototype.initWithBoundary = function(str) {","  this.boundary = new Buffer(str.length+4);","  this.boundary.write('\\r\\n--', 0);","  this.boundary.write(str, 4);","  this.lookbehind = new Buffer(this.boundary.length+8);","  this.state = S.START;","","  this.boundaryChars = {};","  for (var i = 0; i < this.boundary.length; i++) {","    this.boundaryChars[this.boundary[i]] = true;","  }","};","","MultipartParser.prototype.write = function(buffer) {","  var self = this,","      i = 0,","      len = buffer.length,","      prevIndex = this.index,","      index = this.index,","      state = this.state,","      flags = this.flags,","      lookbehind = this.lookbehind,","      boundary = this.boundary,","      boundaryChars = this.boundaryChars,","      boundaryLength = this.boundary.length,","      boundaryEnd = boundaryLength - 1,","      bufferLength = buffer.length,","      c,","      cl,","","      mark = function(name) {","        self[name+'Mark'] = i;","      },","      clear = function(name) {","        delete self[name+'Mark'];","      },","      callback = function(name, buffer, start, end) {","        if (start !== undefined && start === end) {","          return;","        }","","        var callbackSymbol = 'on'+name.substr(0, 1).toUpperCase()+name.substr(1);","        if (callbackSymbol in self) {","          self[callbackSymbol](buffer, start, end);","        }","      },","      dataCallback = function(name, clear) {","        var markSymbol = name+'Mark';","        if (!(markSymbol in self)) {","          return;","        }","","        if (!clear) {","          callback(name, buffer, self[markSymbol], buffer.length);","          self[markSymbol] = 0;","        } else {","          callback(name, buffer, self[markSymbol], i);","          delete self[markSymbol];","        }","      };","","  for (i = 0; i < len; i++) {","    c = buffer[i];","    switch (state) {","      case S.PARSER_UNINITIALIZED:","        return i;","      case S.START:","        index = 0;","        state = S.START_BOUNDARY;","      case S.START_BOUNDARY:","        if (index == boundary.length - 2) {","          if (c == HYPHEN) {","            flags |= F.LAST_BOUNDARY;","          } else if (c != CR) {","            return i;","          }","          index++;","          break;","        } else if (index - 1 == boundary.length - 2) {","          if (flags & F.LAST_BOUNDARY && c == HYPHEN){","            callback('end');","            state = S.END;","            flags = 0;","          } else if (!(flags & F.LAST_BOUNDARY) && c == LF) {","            index = 0;","            callback('partBegin');","            state = S.HEADER_FIELD_START;","          } else {","            return i;","          }","          break;","        }","","        if (c != boundary[index+2]) {","          index = -2;","        }","        if (c == boundary[index+2]) {","          index++;","        }","        break;","      case S.HEADER_FIELD_START:","        state = S.HEADER_FIELD;","        mark('headerField');","        index = 0;","      case S.HEADER_FIELD:","        if (c == CR) {","          clear('headerField');","          state = S.HEADERS_ALMOST_DONE;","          break;","        }","","        index++;","        if (c == HYPHEN) {","          break;","        }","","        if (c == COLON) {","          if (index == 1) {","            // empty header field","            return i;","          }","          dataCallback('headerField', true);","          state = S.HEADER_VALUE_START;","          break;","        }","","        cl = lower(c);","        if (cl < A || cl > Z) {","          return i;","        }","        break;","      case S.HEADER_VALUE_START:","        if (c == SPACE) {","          break;","        }","","        mark('headerValue');","        state = S.HEADER_VALUE;","      case S.HEADER_VALUE:","        if (c == CR) {","          dataCallback('headerValue', true);","          callback('headerEnd');","          state = S.HEADER_VALUE_ALMOST_DONE;","        }","        break;","      case S.HEADER_VALUE_ALMOST_DONE:","        if (c != LF) {","          return i;","        }","        state = S.HEADER_FIELD_START;","        break;","      case S.HEADERS_ALMOST_DONE:","        if (c != LF) {","          return i;","        }","","        callback('headersEnd');","        state = S.PART_DATA_START;","        break;","      case S.PART_DATA_START:","        state = S.PART_DATA;","        mark('partData');","      case S.PART_DATA:","        prevIndex = index;","","        if (index === 0) {","          // boyer-moore derrived algorithm to safely skip non-boundary data","          i += boundaryEnd;","          while (i < bufferLength && !(buffer[i] in boundaryChars)) {","            i += boundaryLength;","          }","          i -= boundaryEnd;","          c = buffer[i];","        }","","        if (index < boundary.length) {","          if (boundary[index] == c) {","            if (index === 0) {","              dataCallback('partData', true);","            }","            index++;","          } else {","            index = 0;","          }","        } else if (index == boundary.length) {","          index++;","          if (c == CR) {","            // CR = part boundary","            flags |= F.PART_BOUNDARY;","          } else if (c == HYPHEN) {","            // HYPHEN = end boundary","            flags |= F.LAST_BOUNDARY;","          } else {","            index = 0;","          }","        } else if (index - 1 == boundary.length)  {","          if (flags & F.PART_BOUNDARY) {","            index = 0;","            if (c == LF) {","              // unset the PART_BOUNDARY flag","              flags &= ~F.PART_BOUNDARY;","              callback('partEnd');","              callback('partBegin');","              state = S.HEADER_FIELD_START;","              break;","            }","          } else if (flags & F.LAST_BOUNDARY) {","            if (c == HYPHEN) {","              callback('partEnd');","              callback('end');","              state = S.END;","              flags = 0;","            } else {","              index = 0;","            }","          } else {","            index = 0;","          }","        }","","        if (index > 0) {","          // when matching a possible boundary, keep a lookbehind reference","          // in case it turns out to be a false lead","          lookbehind[index-1] = c;","        } else if (prevIndex > 0) {","          // if our boundary turned out to be rubbish, the captured lookbehind","          // belongs to partData","          callback('partData', lookbehind, 0, prevIndex);","          prevIndex = 0;","          mark('partData');","","          // reconsider the current character even so it interrupted the sequence","          // it could be the beginning of a new sequence","          i--;","        }","","        break;","      case S.END:","        break;","      default:","        return i;","    }","  }","","  dataCallback('headerField');","  dataCallback('headerValue');","  dataCallback('partData');","","  this.index = index;","  this.state = state;","  this.flags = flags;","","  return len;","};","","MultipartParser.prototype.end = function() {","  var callback = function(self, name) {","    var callbackSymbol = 'on'+name.substr(0, 1).toUpperCase()+name.substr(1);","    if (callbackSymbol in self) {","      self[callbackSymbol]();","    }","  };","  if ((this.state == S.HEADER_FIELD_START && this.index === 0) ||","      (this.state == S.PART_DATA && this.index == this.boundary.length)) {","    callback(this, 'partEnd');","    callback(this, 'end');","  } else if (this.state != S.END) {","    return new Error('MultipartParser.end(): stream ended unexpectedly: ' + this.explain());","  }","};","","MultipartParser.prototype.explain = function() {","  return 'state = ' + MultipartParser.stateToString(this.state);","};",""],"l":{"1":1,"34":0,"37":1,"38":13,"41":1,"42":0,"43":0,"44":0,"45":0,"47":0,"48":0,"50":1,"52":1,"53":0,"54":0,"55":0,"59":1,"60":0,"61":0,"62":0,"63":0,"64":0,"66":0,"67":0,"68":0,"72":1,"73":0,"90":0,"93":0,"96":0,"97":0,"100":0,"101":0,"102":0,"106":0,"107":0,"108":0,"111":0,"112":0,"113":0,"115":0,"116":0,"120":0,"121":0,"122":0,"124":0,"126":0,"127":0,"129":0,"130":0,"131":0,"132":0,"133":0,"135":0,"136":0,"137":0,"138":0,"139":0,"140":0,"141":0,"142":0,"143":0,"144":0,"145":0,"147":0,"149":0,"152":0,"153":0,"155":0,"156":0,"158":0,"160":0,"161":0,"162":0,"164":0,"165":0,"166":0,"167":0,"170":0,"171":0,"172":0,"175":0,"176":0,"178":0,"180":0,"181":0,"182":0,"185":0,"186":0,"187":0,"189":0,"191":0,"192":0,"195":0,"196":0,"198":0,"199":0,"200":0,"201":0,"203":0,"205":0,"206":0,"208":0,"209":0,"211":0,"212":0,"215":0,"216":0,"217":0,"219":0,"220":0,"222":0,"224":0,"226":0,"227":0,"228":0,"230":0,"231":0,"234":0,"235":0,"236":0,"237":0,"239":0,"241":0,"243":0,"244":0,"245":0,"247":0,"248":0,"250":0,"252":0,"254":0,"255":0,"256":0,"257":0,"259":0,"260":0,"261":0,"262":0,"263":0,"265":0,"266":0,"267":0,"268":0,"269":0,"270":0,"272":0,"275":0,"279":0,"282":0,"283":0,"286":0,"287":0,"288":0,"292":0,"295":0,"297":0,"299":0,"303":0,"304":0,"305":0,"307":0,"308":0,"309":0,"311":0,"314":1,"315":0,"316":0,"317":0,"318":0,"321":0,"323":0,"324":0,"325":0,"326":0,"330":1,"331":0}},"/home/travis/build/npmtest/node-npmtest-formidable/node_modules/formidable/lib/querystring_parser.js":{"path":"/home/travis/build/npmtest/node-npmtest-formidable/node_modules/formidable/lib/querystring_parser.js","s":{"1":1,"2":0,"3":1,"4":1,"5":0,"6":0,"7":1,"8":1,"9":0,"10":0,"11":1,"12":0,"13":0,"14":0,"15":0,"16":0},"b":{"1":[0,1]},"f":{"1":0,"2":0,"3":0},"fnMap":{"1":{"name":"QuerystringParser","line":7,"loc":{"start":{"line":7,"column":0},"end":{"line":7,"column":36}}},"2":{"name":"(anonymous_2)","line":13,"loc":{"start":{"line":13,"column":36},"end":{"line":13,"column":53}}},"3":{"name":"(anonymous_3)","line":18,"loc":{"start":{"line":18,"column":34},"end":{"line":18,"column":45}}}},"statementMap":{"1":{"start":{"line":1,"column":0},"end":{"line":1,"column":52}},"2":{"start":{"line":1,"column":19},"end":{"line":1,"column":52}},"3":{"start":{"line":5,"column":0},"end":{"line":5,"column":41}},"4":{"start":{"line":7,"column":0},"end":{"line":10,"column":1}},"5":{"start":{"line":8,"column":2},"end":{"line":8,"column":25}},"6":{"start":{"line":9,"column":2},"end":{"line":9,"column":19}},"7":{"start":{"line":11,"column":0},"end":{"line":11,"column":46}},"8":{"start":{"line":13,"column":0},"end":{"line":16,"column":2}},"9":{"start":{"line":14,"column":2},"end":{"line":14,"column":42}},"10":{"start":{"line":15,"column":2},"end":{"line":15,"column":23}},"11":{"start":{"line":18,"column":0},"end":{"line":26,"column":2}},"12":{"start":{"line":19,"column":2},"end":{"line":19,"column":83}},"13":{"start":{"line":20,"column":2},"end":{"line":22,"column":3}},"14":{"start":{"line":21,"column":4},"end":{"line":21,"column":39}},"15":{"start":{"line":23,"column":2},"end":{"line":23,"column":19}},"16":{"start":{"line":25,"column":2},"end":{"line":25,"column":15}}},"branchMap":{"1":{"line":1,"type":"if","locations":[{"start":{"line":1,"column":0},"end":{"line":1,"column":0}},{"start":{"line":1,"column":0},"end":{"line":1,"column":0}}]}},"code":["if (global.GENTLY) require = GENTLY.hijack(require);","","// This is a buffering parser, not quite as nice as the multipart one.","// If I find time I'll rewrite this to be fully streaming as well","var querystring = require('querystring');","","function QuerystringParser(maxKeys) {","  this.maxKeys = maxKeys;","  this.buffer = '';","}","exports.QuerystringParser = QuerystringParser;","","QuerystringParser.prototype.write = function(buffer) {","  this.buffer += buffer.toString('ascii');","  return buffer.length;","};","","QuerystringParser.prototype.end = function() {","  var fields = querystring.parse(this.buffer, '&', '=', { maxKeys: this.maxKeys });","  for (var field in fields) {","    this.onField(field, fields[field]);","  }","  this.buffer = '';","","  this.onEnd();","};","",""],"l":{"1":1,"5":1,"7":1,"8":0,"9":0,"11":1,"13":1,"14":0,"15":0,"18":1,"19":0,"20":0,"21":0,"23":0,"25":0}},"/home/travis/build/npmtest/node-npmtest-formidable/node_modules/formidable/lib/octet_parser.js":{"path":"/home/travis/build/npmtest/node-npmtest-formidable/node_modules/formidable/lib/octet_parser.js","s":{"1":1,"2":1,"3":0,"4":0,"5":0,"6":1,"7":1,"8":1,"9":0,"10":0,"11":1,"12":0},"b":{"1":[0,0]},"f":{"1":0,"2":0,"3":0},"fnMap":{"1":{"name":"OctetParser","line":4,"loc":{"start":{"line":4,"column":0},"end":{"line":4,"column":29}}},"2":{"name":"(anonymous_2)","line":13,"loc":{"start":{"line":13,"column":30},"end":{"line":13,"column":47}}},"3":{"name":"(anonymous_3)","line":18,"loc":{"start":{"line":18,"column":28},"end":{"line":18,"column":39}}}},"statementMap":{"1":{"start":{"line":1,"column":0},"end":{"line":2,"column":26}},"2":{"start":{"line":4,"column":0},"end":{"line":7,"column":1}},"3":{"start":{"line":5,"column":1},"end":{"line":5,"column":68}},"4":{"start":{"line":5,"column":36},"end":{"line":5,"column":68}},"5":{"start":{"line":6,"column":1},"end":{"line":6,"column":25}},"6":{"start":{"line":9,"column":0},"end":{"line":9,"column":41}},"7":{"start":{"line":11,"column":0},"end":{"line":11,"column":34}},"8":{"start":{"line":13,"column":0},"end":{"line":16,"column":2}},"9":{"start":{"line":14,"column":4},"end":{"line":14,"column":30}},"10":{"start":{"line":15,"column":1},"end":{"line":15,"column":22}},"11":{"start":{"line":18,"column":0},"end":{"line":20,"column":2}},"12":{"start":{"line":19,"column":1},"end":{"line":19,"column":18}}},"branchMap":{"1":{"line":5,"type":"if","locations":[{"start":{"line":5,"column":1},"end":{"line":5,"column":1}},{"start":{"line":5,"column":1},"end":{"line":5,"column":1}}]}},"code":["var EventEmitter = require('events').EventEmitter","\t, util = require('util');","","function OctetParser(options){","\tif(!(this instanceof OctetParser)) return new OctetParser(options);","\tEventEmitter.call(this);","}","","util.inherits(OctetParser, EventEmitter);","","exports.OctetParser = OctetParser;","","OctetParser.prototype.write = function(buffer) {","    this.emit('data', buffer);","\treturn buffer.length;","};","","OctetParser.prototype.end = function() {","\tthis.emit('end');","};",""],"l":{"1":1,"4":1,"5":0,"6":0,"9":1,"11":1,"13":1,"14":0,"15":0,"18":1,"19":0}},"/home/travis/build/npmtest/node-npmtest-formidable/node_modules/formidable/lib/json_parser.js":{"path":"/home/travis/build/npmtest/node-npmtest-formidable/node_modules/formidable/lib/json_parser.js","s":{"1":1,"2":0,"3":1,"4":1,"5":0,"6":0,"7":0,"8":1,"9":1,"10":0,"11":1,"12":0,"13":0,"14":0,"15":0,"16":0,"17":1,"18":0,"19":0,"20":0,"21":0,"22":0,"23":0,"24":0},"b":{"1":[0,1],"2":[0,0]},"f":{"1":0,"2":0,"3":0,"4":0},"fnMap":{"1":{"name":"JSONParser","line":5,"loc":{"start":{"line":5,"column":0},"end":{"line":5,"column":28}}},"2":{"name":"(anonymous_2)","line":12,"loc":{"start":{"line":12,"column":38},"end":{"line":12,"column":55}}},"3":{"name":"(anonymous_3)","line":16,"loc":{"start":{"line":16,"column":29},"end":{"line":16,"column":46}}},"4":{"name":"(anonymous_4)","line":26,"loc":{"start":{"line":26,"column":27},"end":{"line":26,"column":38}}}},"statementMap":{"1":{"start":{"line":1,"column":0},"end":{"line":1,"column":52}},"2":{"start":{"line":1,"column":19},"end":{"line":1,"column":52}},"3":{"start":{"line":3,"column":0},"end":{"line":3,"column":38}},"4":{"start":{"line":5,"column":0},"end":{"line":9,"column":1}},"5":{"start":{"line":6,"column":2},"end":{"line":6,"column":23}},"6":{"start":{"line":7,"column":2},"end":{"line":7,"column":29}},"7":{"start":{"line":8,"column":2},"end":{"line":8,"column":24}},"8":{"start":{"line":10,"column":0},"end":{"line":10,"column":32}},"9":{"start":{"line":12,"column":0},"end":{"line":14,"column":2}},"10":{"start":{"line":13,"column":2},"end":{"line":13,"column":33}},"11":{"start":{"line":16,"column":0},"end":{"line":24,"column":2}},"12":{"start":{"line":17,"column":2},"end":{"line":21,"column":3}},"13":{"start":{"line":18,"column":4},"end":{"line":18,"column":46}},"14":{"start":{"line":20,"column":4},"end":{"line":20,"column":51}},"15":{"start":{"line":22,"column":2},"end":{"line":22,"column":37}},"16":{"start":{"line":23,"column":2},"end":{"line":23,"column":23}},"17":{"start":{"line":26,"column":0},"end":{"line":38,"column":2}},"18":{"start":{"line":27,"column":2},"end":{"line":34,"column":3}},"19":{"start":{"line":28,"column":4},"end":{"line":28,"column":56}},"20":{"start":{"line":29,"column":4},"end":{"line":31,"column":5}},"21":{"start":{"line":30,"column":6},"end":{"line":30,"column":41}},"22":{"start":{"line":33,"column":4},"end":{"line":33,"column":33}},"23":{"start":{"line":35,"column":2},"end":{"line":35,"column":19}},"24":{"start":{"line":37,"column":2},"end":{"line":37,"column":15}}},"branchMap":{"1":{"line":1,"type":"if","locations":[{"start":{"line":1,"column":0},"end":{"line":1,"column":0}},{"start":{"line":1,"column":0},"end":{"line":1,"column":0}}]},"2":{"line":17,"type":"if","locations":[{"start":{"line":17,"column":2},"end":{"line":17,"column":2}},{"start":{"line":17,"column":2},"end":{"line":17,"column":2}}]}},"code":["if (global.GENTLY) require = GENTLY.hijack(require);","","var Buffer = require('buffer').Buffer;","","function JSONParser(parent) {","  this.parent = parent;","  this.data = new Buffer('');","  this.bytesWritten = 0;","}","exports.JSONParser = JSONParser;","","JSONParser.prototype.initWithLength = function(length) {","  this.data = new Buffer(length);","};","","JSONParser.prototype.write = function(buffer) {","  if (this.data.length >= this.bytesWritten + buffer.length) {","    buffer.copy(this.data, this.bytesWritten);","  } else {","    this.data = Buffer.concat([this.data, buffer]);","  }","  this.bytesWritten += buffer.length;","  return buffer.length;","};","","JSONParser.prototype.end = function() {","  try {","    var fields = JSON.parse(this.data.toString('utf8'));","    for (var field in fields) {","      this.onField(field, fields[field]);","    }","  } catch (e) {","    this.parent.emit('error', e);","  }","  this.data = null;","","  this.onEnd();","};",""],"l":{"1":1,"3":1,"5":1,"6":0,"7":0,"8":0,"10":1,"12":1,"13":0,"16":1,"17":0,"18":0,"20":0,"22":0,"23":0,"26":1,"27":0,"28":0,"29":0,"30":0,"33":0,"35":0,"37":0}}}